** Drc report for CameraIoT_tmp3.kicad_pcb **
** Created on 2026-06-19T23:55:21 **
** Report includes: Errors **

** Found 0 DRC violations **

** Found 10 unconnected pads **
[unconnected_items]: Missing connection between items
    Local override; error
    @(0.0000 mm, 0.0000 mm): ゾーン [GND] F.Cu 上, 優先度 0
    @(0.0000 mm, 0.0000 mm): ゾーン [GND] F.Cu 上, 優先度 0
[unconnected_items]: Missing connection between items
    Local override; error
    @(0.0000 mm, 0.0000 mm): ゾーン [GND] F.Cu 上, 優先度 0
    @(0.0000 mm, 0.0000 mm): ゾーン [GND] F.Cu 上, 優先度 0
[unconnected_items]: Missing connection between items
    Local override; error
    @(0.0000 mm, 0.0000 mm): ゾーン [GND] F.Cu 上, 優先度 0
    @(0.0000 mm, 0.0000 mm): ゾーン [GND] F.Cu 上, 優先度 0
[unconnected_items]: Missing connection between items
    Local override; error
    @(0.0000 mm, 0.0000 mm): ゾーン [GND] F.Cu 上, 優先度 0
    @(0.0000 mm, 0.0000 mm): ゾーン [GND] F.Cu 上, 優先度 0
[unconnected_items]: Missing connection between items
    Local override; error
    @(0.0000 mm, 0.0000 mm): ゾーン [GND] F.Cu 上, 優先度 0
    @(0.0000 mm, 0.0000 mm): ゾーン [GND] F.Cu 上, 優先度 0
[unconnected_items]: Missing connection between items
    Local override; error
    @(0.0000 mm, 0.0000 mm): ゾーン [GND] F.Cu 上, 優先度 0
    @(0.0000 mm, 0.0000 mm): ゾーン [GND] F.Cu 上, 優先度 0
[unconnected_items]: Missing connection between items
    Local override; error
    @(0.0000 mm, 0.0000 mm): ゾーン [GND] F.Cu 上, 優先度 0
    @(0.0000 mm, 0.0000 mm): ゾーン [GND] F.Cu 上, 優先度 0
[unconnected_items]: Missing connection between items
    Local override; error
    @(0.0000 mm, 0.0000 mm): ゾーン [GND] In1.Cu 上, 優先度 0
    @(0.0000 mm, 0.0000 mm): ゾーン [GND] F.Cu 上, 優先度 0
[unconnected_items]: Missing connection between items
    Local override; error
    @(0.0000 mm, 0.0000 mm): ゾーン [GND] F.Cu 上, 優先度 0
    @(0.0000 mm, 0.0000 mm): ゾーン [GND] F.Cu 上, 優先度 0
[unconnected_items]: Missing connection between items
    Local override; error
    @(25.7361 mm, 9.7453 mm): 配線 [VBAT] ( In2.Cu 上、長さ: 3.4371 mm )
    @(29.8717 mm, 10.4438 mm): ビア [VBAT] (F.Cu - B.Cu 上)

** Found 0 Footprint errors **

** Ignored checks **
    - Footprint has no courtyard defined
    - Track endpoint not centered on via
    - Tuning profile track geometries
    - Footprint doesn't match symbol's footprint filters
    - Footprint component type doesn't match footprint pads

** End of Report **
