** Drc report for CameraIoT_tmp_unconn.kicad_pcb **
** Created on 2026-06-19T23:53:14 **
** Report includes: Errors, Warnings **

** Found 378 DRC violations **
[clearance]: クリアランス違反 ( クリアランス 0.1000 mm; 現状 0.0737 mm)
    Local override; error
    @(8.5000 mm, 16.1000 mm): ビア [VBAT] (F.Cu - B.Cu 上)
    @(2.8290 mm, 15.6513 mm): 配線 [LED_STATUS] ( B.Cu 上、長さ: 13.3159 mm )
[clearance]: クリアランス違反 ( クリアランス 0.1000 mm; 現状 0.0198 mm)
    Local override; error
    @(8.5000 mm, 16.1000 mm): 配線 [VBAT] ( B.Cu 上、長さ: 21.3700 mm )
    @(25.7469 mm, 16.4198 mm): ビア [USB_DP] (F.Cu - B.Cu 上)
[shorting_items]: ２つのネットを短絡するアイテム (ネット USB_DN と VBAT)
    Local override; error
    @(25.1559 mm, 16.2870 mm): ビア [USB_DN] (F.Cu - B.Cu 上)
    @(8.5000 mm, 16.1000 mm): 配線 [VBAT] ( B.Cu 上、長さ: 21.3700 mm )
[shorting_items]: ２つのネットを短絡するアイテム (ネット GND と VBAT)
    Local override; error
    @(20.9883 mm, 15.4000 mm): PTHパッド S1 [GND] (J2)
    @(8.5000 mm, 16.1000 mm): 配線 [VBAT] ( B.Cu 上、長さ: 21.3700 mm )
[shorting_items]: ２つのネットを短絡するアイテム (ネット VBAT と GND)
    Local override; error
    @(29.8700 mm, 16.1000 mm): 配線 [VBAT] ( B.Cu 上、長さ: 5.6600 mm )
    @(31.0000 mm, 14.7000 mm): パッド 1 [GND] - BAT- ( B.Cu 上)
[solder_mask_bridge]: 異なるネットのアイテムが裏面ハンダマスクのアパーチャで接続されている
    Rule: 基板セットアップのハンダマスクの最小幅; error
    @(8.5000 mm, 16.1000 mm): 配線 [VBAT] ( B.Cu 上、長さ: 21.3700 mm )
    @(20.9883 mm, 15.4000 mm): PTHパッド S1 [GND] (J2)
[solder_mask_bridge]: 異なるネットのアイテムが裏面ハンダマスクのアパーチャで接続されている
    Rule: 基板セットアップのハンダマスクの最小幅; error
    @(8.5000 mm, 16.1000 mm): 配線 [VBAT] ( B.Cu 上、長さ: 21.3700 mm )
    @(29.9883 mm, 15.4000 mm): PTHパッド S2 [GND] (J2)
[solder_mask_bridge]: 異なるネットのアイテムが裏面ハンダマスクのアパーチャで接続されている
    Rule: 基板セットアップのハンダマスクの最小幅; error
    @(29.8700 mm, 16.1000 mm): 配線 [VBAT] ( B.Cu 上、長さ: 5.6600 mm )
    @(29.9883 mm, 15.4000 mm): PTHパッド S2 [GND] (J2)
[solder_mask_bridge]: 異なるネットのアイテムが裏面ハンダマスクのアパーチャで接続されている
    Rule: 基板セットアップのハンダマスクの最小幅; error
    @(29.8700 mm, 16.1000 mm): 配線 [VBAT] ( B.Cu 上、長さ: 5.6600 mm )
    @(31.0000 mm, 14.7000 mm): パッド 1 [GND] - BAT- ( B.Cu 上)
[track_dangling]: Track has unconnected end
    Local override; warning
    @(8.5000 mm, 17.2000 mm): 配線 [VBAT] ( F.Cu 上、長さ: 1.1000 mm )
[via_dangling]: Via is not connected or connected on only one layer
    Local override; warning
    @(8.9000 mm, 16.6000 mm): ビア [VBAT] (F.Cu - B.Cu 上)
[via_dangling]: Via is not connected or connected on only one layer
    Local override; warning
    @(10.0000 mm, 2.5000 mm): ビア [WAKE_BUTTON] (F.Cu - B.Cu 上)
[lib_footprint_issues]: 現在の構成にはフットプリント ライブラリ 'Capacitor_SMD' が含まれていません
    Local override; warning
    @(24.0000 mm, 11.7000 mm): フットプリント C7
[lib_footprint_issues]: 現在の構成にはフットプリント ライブラリ 'CUSTOM' が含まれていません
    Local override; warning
    @(25.7000 mm, 8.7000 mm): フットプリント U2
[lib_footprint_issues]: 現在の構成にはフットプリント ライブラリ 'CUSTOM' が含まれていません
    Local override; warning
    @(25.7000 mm, 5.2000 mm): フットプリント L1
[lib_footprint_issues]: 現在の構成にはフットプリント ライブラリ 'Capacitor_SMD' が含まれていません
    Local override; warning
    @(34.3000 mm, 14.6000 mm): フットプリント C2
[lib_footprint_issues]: 現在の構成にはフットプリント ライブラリ 'Capacitor_SMD' が含まれていません
    Local override; warning
    @(32.2750 mm, 9.9722 mm): フットプリント C9
[lib_footprint_issues]: 現在の構成にはフットプリント ライブラリ 'Capacitor_SMD' が含まれていません
    Local override; warning
    @(18.7500 mm, 14.0000 mm): フットプリント C16
[lib_footprint_issues]: 現在の構成にはフットプリント ライブラリ 'Capacitor_SMD' が含まれていません
    Local override; warning
    @(7.0000 mm, 12.5000 mm): フットプリント C10
[lib_footprint_issues]: 現在の構成にはフットプリント ライブラリ 'Resistor_SMD' が含まれていません
    Local override; warning
    @(8.0500 mm, 11.0000 mm): フットプリント R6
[lib_footprint_issues]: 現在の構成にはフットプリント ライブラリ 'Resistor_SMD' が含まれていません
    Local override; warning
    @(32.7500 mm, 15.7500 mm): フットプリント L2
[lib_footprint_issues]: 現在の構成にはフットプリント ライブラリ 'CUSTOM' が含まれていません
    Local override; warning
    @(36.6000 mm, 11.0000 mm): フットプリント MH4
[lib_footprint_issues]: 現在の構成にはフットプリント ライブラリ 'CUSTOM' が含まれていません
    Local override; warning
    @(3.4000 mm, 3.2000 mm): フットプリント SW1
[lib_footprint_issues]: 現在の構成にはフットプリント ライブラリ 'Capacitor_SMD' が含まれていません
    Local override; warning
    @(29.8250 mm, 9.9944 mm): フットプリント C8
[lib_footprint_issues]: 現在の構成にはフットプリント ライブラリ 'Capacitor_SMD' が含まれていません
    Local override; warning
    @(27.9500 mm, 6.9250 mm): フットプリント C5
[lib_footprint_issues]: 現在の構成にはフットプリント ライブラリ 'Package_TO_SOT_SMD' が含まれていません
    Local override; warning
    @(9.9500 mm, 13.4500 mm): フットプリント U4
[lib_footprint_issues]: 現在の構成にはフットプリント ライブラリ 'CUSTOM' が含まれていません
    Local override; warning
    @(36.5000 mm, 1.5000 mm): フットプリント MH2
[lib_footprint_issues]: 現在の構成にはフットプリント ライブラリ 'CUSTOM' が含まれていません
    Local override; warning
    @(1.5000 mm, 16.5000 mm): フットプリント MH3
[lib_footprint_issues]: 現在の構成にはフットプリント ライブラリ 'CUSTOM' が含まれていません
    Local override; warning
    @(35.8000 mm, 15.7000 mm): フットプリント ANT1
[lib_footprint_issues]: 現在の構成にはフットプリント ライブラリ 'LED_SMD' が含まれていません
    Local override; warning
    @(1.5375 mm, 14.8000 mm): フットプリント LED1
[lib_footprint_issues]: 現在の構成にはフットプリント ライブラリ 'CUSTOM' が含まれていません
    Local override; warning
    @(17.8484 mm, 9.3894 mm): フットプリント U1
[lib_footprint_issues]: 現在の構成にはフットプリント ライブラリ 'Capacitor_SMD' が含まれていません
    Local override; warning
    @(27.9500 mm, 9.4750 mm): フットプリント C6
[lib_footprint_issues]: 現在の構成にはフットプリント ライブラリ 'Capacitor_SMD' が含まれていません
    Local override; warning
    @(23.3125 mm, 7.0000 mm): フットプリント C4
[lib_footprint_issues]: 現在の構成にはフットプリント ライブラリ 'Capacitor_SMD' が含まれていません
    Local override; warning
    @(15.1000 mm, 15.5000 mm): フットプリント C13
[lib_footprint_issues]: 現在の構成にはフットプリント ライブラリ 'Capacitor_SMD' が含まれていません
    Local override; warning
    @(31.8000 mm, 14.5500 mm): フットプリント C1
[lib_footprint_issues]: 現在の構成にはフットプリント ライブラリ 'Resistor_SMD' が含まれていません
    Local override; warning
    @(20.5750 mm, 3.2000 mm): フットプリント R4
[lib_footprint_issues]: 現在の構成にはフットプリント ライブラリ 'Capacitor_SMD' が含まれていません
    Local override; warning
    @(22.7000 mm, 9.2500 mm): フットプリント C17
[lib_footprint_issues]: 現在の構成にはフットプリント ライブラリ 'Capacitor_SMD' が含まれていません
    Local override; warning
    @(12.5000 mm, 11.5000 mm): フットプリント C11
[lib_footprint_issues]: 現在の構成にはフットプリント ライブラリ 'Capacitor_SMD' が含まれていません
    Local override; warning
    @(16.0500 mm, 14.0000 mm): フットプリント C15
[lib_footprint_issues]: 現在の構成にはフットプリント ライブラリ 'Resistor_SMD' が含まれていません
    Local override; warning
    @(21.0633 mm, 13.8615 mm): フットプリント R7
[lib_footprint_issues]: 現在の構成にはフットプリント ライブラリ 'Resistor_SMD' が含まれていません
    Local override; warning
    @(3.5625 mm, 14.8000 mm): フットプリント R3
[lib_footprint_issues]: 現在の構成にはフットプリント ライブラリ 'Capacitor_SMD' が含まれていません
    Local override; warning
    @(10.9000 mm, 15.5000 mm): フットプリント C12
[lib_footprint_issues]: 現在の構成にはフットプリント ライブラリ 'Capacitor_SMD' が含まれていません
    Local override; warning
    @(22.0375 mm, 5.5000 mm): フットプリント C14
[lib_footprint_issues]: 現在の構成にはフットプリント ライブラリ 'Capacitor_SMD' が含まれていません
    Local override; warning
    @(22.1750 mm, 3.2000 mm): フットプリント C3
[lib_footprint_issues]: 現在の構成にはフットプリント ライブラリ 'Resistor_SMD' が含まれていません
    Local override; warning
    @(6.2000 mm, 11.0000 mm): フットプリント R5
[lib_footprint_issues]: 現在の構成にはフットプリント ライブラリ 'Resistor_SMD' が含まれていません
    Local override; warning
    @(30.1000 mm, 2.7000 mm): フットプリント R9
[lib_footprint_issues]: 現在の構成にはフットプリント ライブラリ 'Package_TO_SOT_SMD' が含まれていません
    Local override; warning
    @(30.3000 mm, 8.0417 mm): フットプリント U3
[lib_footprint_issues]: 現在の構成にはフットプリント ライブラリ 'Resistor_SMD' が含まれていません
    Local override; warning
    @(30.3000 mm, 6.0000 mm): フットプリント R1
[lib_footprint_issues]: 現在の構成にはフットプリント ライブラリ 'CUSTOM' が含まれていません
    Local override; warning
    @(1.5000 mm, 1.5000 mm): フットプリント MH1
[lib_footprint_issues]: 現在の構成にはフットプリント ライブラリ 'Package_TO_SOT_SMD' が含まれていません
    Local override; warning
    @(13.0500 mm, 14.5500 mm): フットプリント U5
[lib_footprint_issues]: 現在の構成にはフットプリント ライブラリ 'Resistor_SMD' が含まれていません
    Local override; warning
    @(28.5000 mm, 2.7000 mm): フットプリント R8
[lib_footprint_issues]: 現在の構成にはフットプリント ライブラリ 'CUSTOM' が含まれていません
    Local override; warning
    @(7.5000 mm, 6.6194 mm): フットプリント J1
[lib_footprint_issues]: 現在の構成にはフットプリント ライブラリ 'CUSTOM' が含まれていません
    Local override; warning
    @(20.0000 mm, 1.0000 mm): フットプリント TP5
[lib_footprint_issues]: 現在の構成にはフットプリント ライブラリ 'CUSTOM' が含まれていません
    Local override; warning
    @(9.0000 mm, 1.0000 mm): フットプリント TP2
[lib_footprint_issues]: 現在の構成にはフットプリント ライブラリ 'CUSTOM' が含まれていません
    Local override; warning
    @(5.0000 mm, 1.0000 mm): フットプリント TP1
[lib_footprint_issues]: 現在の構成にはフットプリント ライブラリ 'CUSTOM' が含まれていません
    Local override; warning
    @(26.6000 mm, 1.0000 mm): フットプリント TP7
[lib_footprint_issues]: 現在の構成にはフットプリント ライブラリ 'CUSTOM' が含まれていません
    Local override; warning
    @(26.0000 mm, 14.7000 mm): フットプリント BAT+
[lib_footprint_issues]: 現在の構成にはフットプリント ライブラリ 'CUSTOM' が含まれていません
    Local override; warning
    @(31.0000 mm, 14.7000 mm): フットプリント BAT-
[lib_footprint_issues]: 現在の構成にはフットプリント ライブラリ 'CUSTOM' が含まれていません
    Local override; warning
    @(13.0000 mm, 1.0000 mm): フットプリント TP3
[lib_footprint_issues]: 現在の構成にはフットプリント ライブラリ 'CUSTOM' が含まれていません
    Local override; warning
    @(29.9000 mm, 1.0000 mm): フットプリント TP8
[lib_footprint_issues]: 現在の構成にはフットプリント ライブラリ 'CUSTOM' が含まれていません
    Local override; warning
    @(33.2000 mm, 1.0000 mm): フットプリント TP9
[lib_footprint_issues]: 現在の構成にはフットプリント ライブラリ 'CUSTOM' が含まれていません
    Local override; warning
    @(23.3000 mm, 1.0000 mm): フットプリント TP6
[lib_footprint_issues]: 現在の構成にはフットプリント ライブラリ 'CUSTOM' が含まれていません
    Local override; warning
    @(17.0000 mm, 1.0000 mm): フットプリント TP4
[text_height]: 文字の高さが許容範囲外 (基板の設定のシルク印刷のテキスト高の制約 最小高さ 0.8000 mm; 現状 0.5500 mm)
    Rule: 基板の設定のシルク印刷のテキスト高の制約; warning
    @(35.2000 mm, 18.9000 mm): 基板上のテキスト 'Rev FINAL' ( F.Silkscreen 上)
[text_height]: 文字の高さが許容範囲外 (基板の設定のシルク印刷のテキスト高の制約 最小高さ 0.8000 mm; 現状 0.6500 mm)
    Rule: 基板の設定のシルク印刷のテキスト高の制約; warning
    @(19.0000 mm, 18.9000 mm): 基板上のテキスト 'CameraIoT 38x18' ( F.Silkscreen 上)
[text_height]: 文字の高さが許容範囲外 (基板の設定のシルク印刷のテキスト高の制約 最小高さ 0.8000 mm; 現状 0.5500 mm)
    Rule: 基板の設定のシルク印刷のテキスト高の制約; warning
    @(26.0000 mm, 15.9000 mm): 基板上のテキスト 'BAT+' ( B.Silkscreen 上)
[text_height]: 文字の高さが許容範囲外 (基板の設定のシルク印刷のテキスト高の制約 最小高さ 0.8000 mm; 現状 0.5500 mm)
    Rule: 基板の設定のシルク印刷のテキスト高の制約; warning
    @(31.0000 mm, 15.9000 mm): 基板上のテキスト 'BAT-' ( B.Silkscreen 上)
[text_thickness]: 文字の太さが許容範囲外 (基板の設定のシルク印刷のテキストの太さの制約 最小幅 0.0800 mm; 現状 0.0600 mm)
    Rule: 基板の設定のシルク印刷のテキストの太さの制約; warning
    @(24.0000 mm, 10.7000 mm): C7のリファレンスフィールド
[text_height]: 文字の高さが許容範囲外 (基板の設定のシルク印刷のテキスト高の制約 最小高さ 0.8000 mm; 現状 0.4000 mm)
    Rule: 基板の設定のシルク印刷のテキスト高の制約; warning
    @(24.0000 mm, 10.7000 mm): C7のリファレンスフィールド
[text_thickness]: 文字の太さが許容範囲外 (基板の設定のシルク印刷のテキストの太さの制約 最小幅 0.0800 mm; 現状 0.0600 mm)
    Rule: 基板の設定のシルク印刷のテキストの太さの制約; warning
    @(25.7000 mm, 7.7000 mm): U2のリファレンスフィールド
[text_height]: 文字の高さが許容範囲外 (基板の設定のシルク印刷のテキスト高の制約 最小高さ 0.8000 mm; 現状 0.4000 mm)
    Rule: 基板の設定のシルク印刷のテキスト高の制約; warning
    @(25.7000 mm, 7.7000 mm): U2のリファレンスフィールド
[text_thickness]: 文字の太さが許容範囲外 (基板の設定のシルク印刷のテキストの太さの制約 最小幅 0.0800 mm; 現状 0.0600 mm)
    Rule: 基板の設定のシルク印刷のテキストの太さの制約; warning
    @(25.7000 mm, 4.2000 mm): L1のリファレンスフィールド
[text_height]: 文字の高さが許容範囲外 (基板の設定のシルク印刷のテキスト高の制約 最小高さ 0.8000 mm; 現状 0.4000 mm)
    Rule: 基板の設定のシルク印刷のテキスト高の制約; warning
    @(25.7000 mm, 4.2000 mm): L1のリファレンスフィールド
[text_thickness]: 文字の太さが許容範囲外 (基板の設定のシルク印刷のテキストの太さの制約 最小幅 0.0800 mm; 現状 0.0600 mm)
    Rule: 基板の設定のシルク印刷のテキストの太さの制約; warning
    @(34.3000 mm, 13.6000 mm): C2のリファレンスフィールド
[text_height]: 文字の高さが許容範囲外 (基板の設定のシルク印刷のテキスト高の制約 最小高さ 0.8000 mm; 現状 0.4000 mm)
    Rule: 基板の設定のシルク印刷のテキスト高の制約; warning
    @(34.3000 mm, 13.6000 mm): C2のリファレンスフィールド
[text_thickness]: 文字の太さが許容範囲外 (基板の設定のシルク印刷のテキストの太さの制約 最小幅 0.0800 mm; 現状 0.0600 mm)
    Rule: 基板の設定のシルク印刷のテキストの太さの制約; warning
    @(32.2750 mm, 8.9722 mm): C9のリファレンスフィールド
[text_height]: 文字の高さが許容範囲外 (基板の設定のシルク印刷のテキスト高の制約 最小高さ 0.8000 mm; 現状 0.4000 mm)
    Rule: 基板の設定のシルク印刷のテキスト高の制約; warning
    @(32.2750 mm, 8.9722 mm): C9のリファレンスフィールド
[text_thickness]: 文字の太さが許容範囲外 (基板の設定のシルク印刷のテキストの太さの制約 最小幅 0.0800 mm; 現状 0.0600 mm)
    Rule: 基板の設定のシルク印刷のテキストの太さの制約; warning
    @(18.7500 mm, 13.0000 mm): C16のリファレンスフィールド
[text_height]: 文字の高さが許容範囲外 (基板の設定のシルク印刷のテキスト高の制約 最小高さ 0.8000 mm; 現状 0.4000 mm)
    Rule: 基板の設定のシルク印刷のテキスト高の制約; warning
    @(18.7500 mm, 13.0000 mm): C16のリファレンスフィールド
[text_thickness]: 文字の太さが許容範囲外 (基板の設定のシルク印刷のテキストの太さの制約 最小幅 0.0800 mm; 現状 0.0600 mm)
    Rule: 基板の設定のシルク印刷のテキストの太さの制約; warning
    @(7.0000 mm, 11.5000 mm): C10のリファレンスフィールド
[text_height]: 文字の高さが許容範囲外 (基板の設定のシルク印刷のテキスト高の制約 最小高さ 0.8000 mm; 現状 0.4000 mm)
    Rule: 基板の設定のシルク印刷のテキスト高の制約; warning
    @(7.0000 mm, 11.5000 mm): C10のリファレンスフィールド
[text_thickness]: 文字の太さが許容範囲外 (基板の設定のシルク印刷のテキストの太さの制約 最小幅 0.0800 mm; 現状 0.0600 mm)
    Rule: 基板の設定のシルク印刷のテキストの太さの制約; warning
    @(8.0500 mm, 10.0000 mm): R6のリファレンスフィールド
[text_height]: 文字の高さが許容範囲外 (基板の設定のシルク印刷のテキスト高の制約 最小高さ 0.8000 mm; 現状 0.4000 mm)
    Rule: 基板の設定のシルク印刷のテキスト高の制約; warning
    @(8.0500 mm, 10.0000 mm): R6のリファレンスフィールド
[text_thickness]: 文字の太さが許容範囲外 (基板の設定のシルク印刷のテキストの太さの制約 最小幅 0.0800 mm; 現状 0.0600 mm)
    Rule: 基板の設定のシルク印刷のテキストの太さの制約; warning
    @(32.7500 mm, 14.7500 mm): L2のリファレンスフィールド
[text_height]: 文字の高さが許容範囲外 (基板の設定のシルク印刷のテキスト高の制約 最小高さ 0.8000 mm; 現状 0.4000 mm)
    Rule: 基板の設定のシルク印刷のテキスト高の制約; warning
    @(32.7500 mm, 14.7500 mm): L2のリファレンスフィールド
[text_thickness]: 文字の太さが許容範囲外 (基板の設定のシルク印刷のテキストの太さの制約 最小幅 0.0800 mm; 現状 0.0600 mm)
    Rule: 基板の設定のシルク印刷のテキストの太さの制約; warning
    @(3.4000 mm, 2.2000 mm): SW1のリファレンスフィールド
[text_height]: 文字の高さが許容範囲外 (基板の設定のシルク印刷のテキスト高の制約 最小高さ 0.8000 mm; 現状 0.4000 mm)
    Rule: 基板の設定のシルク印刷のテキスト高の制約; warning
    @(3.4000 mm, 2.2000 mm): SW1のリファレンスフィールド
[text_thickness]: 文字の太さが許容範囲外 (基板の設定のシルク印刷のテキストの太さの制約 最小幅 0.0800 mm; 現状 0.0600 mm)
    Rule: 基板の設定のシルク印刷のテキストの太さの制約; warning
    @(29.8250 mm, 8.9944 mm): C8のリファレンスフィールド
[text_height]: 文字の高さが許容範囲外 (基板の設定のシルク印刷のテキスト高の制約 最小高さ 0.8000 mm; 現状 0.4000 mm)
    Rule: 基板の設定のシルク印刷のテキスト高の制約; warning
    @(29.8250 mm, 8.9944 mm): C8のリファレンスフィールド
[text_thickness]: 文字の太さが許容範囲外 (基板の設定のシルク印刷のテキストの太さの制約 最小幅 0.0800 mm; 現状 0.0600 mm)
    Rule: 基板の設定のシルク印刷のテキストの太さの制約; warning
    @(27.9500 mm, 5.9250 mm): C5のリファレンスフィールド
[text_height]: 文字の高さが許容範囲外 (基板の設定のシルク印刷のテキスト高の制約 最小高さ 0.8000 mm; 現状 0.4000 mm)
    Rule: 基板の設定のシルク印刷のテキスト高の制約; warning
    @(27.9500 mm, 5.9250 mm): C5のリファレンスフィールド
[text_thickness]: 文字の太さが許容範囲外 (基板の設定のシルク印刷のテキストの太さの制約 最小幅 0.0800 mm; 現状 0.0600 mm)
    Rule: 基板の設定のシルク印刷のテキストの太さの制約; warning
    @(9.9500 mm, 12.4500 mm): U4のリファレンスフィールド
[text_height]: 文字の高さが許容範囲外 (基板の設定のシルク印刷のテキスト高の制約 最小高さ 0.8000 mm; 現状 0.4000 mm)
    Rule: 基板の設定のシルク印刷のテキスト高の制約; warning
    @(9.9500 mm, 12.4500 mm): U4のリファレンスフィールド
[text_thickness]: 文字の太さが許容範囲外 (基板の設定のシルク印刷のテキストの太さの制約 最小幅 0.0800 mm; 現状 0.0600 mm)
    Rule: 基板の設定のシルク印刷のテキストの太さの制約; warning
    @(35.8000 mm, 14.7000 mm): ANT1のリファレンスフィールド
[text_height]: 文字の高さが許容範囲外 (基板の設定のシルク印刷のテキスト高の制約 最小高さ 0.8000 mm; 現状 0.4000 mm)
    Rule: 基板の設定のシルク印刷のテキスト高の制約; warning
    @(35.8000 mm, 14.7000 mm): ANT1のリファレンスフィールド
[text_thickness]: 文字の太さが許容範囲外 (基板の設定のシルク印刷のテキストの太さの制約 最小幅 0.0800 mm; 現状 0.0600 mm)
    Rule: 基板の設定のシルク印刷のテキストの太さの制約; warning
    @(1.5375 mm, 13.8000 mm): LED1のリファレンスフィールド
[text_height]: 文字の高さが許容範囲外 (基板の設定のシルク印刷のテキスト高の制約 最小高さ 0.8000 mm; 現状 0.4000 mm)
    Rule: 基板の設定のシルク印刷のテキスト高の制約; warning
    @(1.5375 mm, 13.8000 mm): LED1のリファレンスフィールド
[text_thickness]: 文字の太さが許容範囲外 (基板の設定のシルク印刷のテキストの太さの制約 最小幅 0.0800 mm; 現状 0.0600 mm)
    Rule: 基板の設定のシルク印刷のテキストの太さの制約; warning
    @(17.8484 mm, 8.3894 mm): U1のリファレンスフィールド
[text_height]: 文字の高さが許容範囲外 (基板の設定のシルク印刷のテキスト高の制約 最小高さ 0.8000 mm; 現状 0.4000 mm)
    Rule: 基板の設定のシルク印刷のテキスト高の制約; warning
    @(17.8484 mm, 8.3894 mm): U1のリファレンスフィールド
[text_thickness]: 文字の太さが許容範囲外 (基板の設定のシルク印刷のテキストの太さの制約 最小幅 0.0800 mm; 現状 0.0600 mm)
    Rule: 基板の設定のシルク印刷のテキストの太さの制約; warning
    @(13.8984 mm, 4.9894 mm): U1 のフットプリント テキスト ( PIN1 )
[text_height]: 文字の高さが許容範囲外 (基板の設定のシルク印刷のテキスト高の制約 最小高さ 0.8000 mm; 現状 0.4000 mm)
    Rule: 基板の設定のシルク印刷のテキスト高の制約; warning
    @(13.8984 mm, 4.9894 mm): U1 のフットプリント テキスト ( PIN1 )
[text_thickness]: 文字の太さが許容範囲外 (基板の設定のシルク印刷のテキストの太さの制約 最小幅 0.0800 mm; 現状 0.0600 mm)
    Rule: 基板の設定のシルク印刷のテキストの太さの制約; warning
    @(27.9500 mm, 8.4750 mm): C6のリファレンスフィールド
[text_height]: 文字の高さが許容範囲外 (基板の設定のシルク印刷のテキスト高の制約 最小高さ 0.8000 mm; 現状 0.4000 mm)
    Rule: 基板の設定のシルク印刷のテキスト高の制約; warning
    @(27.9500 mm, 8.4750 mm): C6のリファレンスフィールド
[text_thickness]: 文字の太さが許容範囲外 (基板の設定のシルク印刷のテキストの太さの制約 最小幅 0.0800 mm; 現状 0.0600 mm)
    Rule: 基板の設定のシルク印刷のテキストの太さの制約; warning
    @(23.3125 mm, 6.0000 mm): C4のリファレンスフィールド
[text_height]: 文字の高さが許容範囲外 (基板の設定のシルク印刷のテキスト高の制約 最小高さ 0.8000 mm; 現状 0.4000 mm)
    Rule: 基板の設定のシルク印刷のテキスト高の制約; warning
    @(23.3125 mm, 6.0000 mm): C4のリファレンスフィールド
[text_thickness]: 文字の太さが許容範囲外 (基板の設定のシルク印刷のテキストの太さの制約 最小幅 0.0800 mm; 現状 0.0600 mm)
    Rule: 基板の設定のシルク印刷のテキストの太さの制約; warning
    @(15.1000 mm, 14.5000 mm): C13のリファレンスフィールド
[text_height]: 文字の高さが許容範囲外 (基板の設定のシルク印刷のテキスト高の制約 最小高さ 0.8000 mm; 現状 0.4000 mm)
    Rule: 基板の設定のシルク印刷のテキスト高の制約; warning
    @(15.1000 mm, 14.5000 mm): C13のリファレンスフィールド
[text_thickness]: 文字の太さが許容範囲外 (基板の設定のシルク印刷のテキストの太さの制約 最小幅 0.0800 mm; 現状 0.0600 mm)
    Rule: 基板の設定のシルク印刷のテキストの太さの制約; warning
    @(31.8000 mm, 13.5500 mm): C1のリファレンスフィールド
[text_height]: 文字の高さが許容範囲外 (基板の設定のシルク印刷のテキスト高の制約 最小高さ 0.8000 mm; 現状 0.4000 mm)
    Rule: 基板の設定のシルク印刷のテキスト高の制約; warning
    @(31.8000 mm, 13.5500 mm): C1のリファレンスフィールド
[text_thickness]: 文字の太さが許容範囲外 (基板の設定のシルク印刷のテキストの太さの制約 最小幅 0.0800 mm; 現状 0.0600 mm)
    Rule: 基板の設定のシルク印刷のテキストの太さの制約; warning
    @(20.5750 mm, 2.2000 mm): R4のリファレンスフィールド
[text_height]: 文字の高さが許容範囲外 (基板の設定のシルク印刷のテキスト高の制約 最小高さ 0.8000 mm; 現状 0.4000 mm)
    Rule: 基板の設定のシルク印刷のテキスト高の制約; warning
    @(20.5750 mm, 2.2000 mm): R4のリファレンスフィールド
[text_thickness]: 文字の太さが許容範囲外 (基板の設定のシルク印刷のテキストの太さの制約 最小幅 0.0800 mm; 現状 0.0600 mm)
    Rule: 基板の設定のシルク印刷のテキストの太さの制約; warning
    @(22.7000 mm, 8.2500 mm): C17のリファレンスフィールド
[text_height]: 文字の高さが許容範囲外 (基板の設定のシルク印刷のテキスト高の制約 最小高さ 0.8000 mm; 現状 0.4000 mm)
    Rule: 基板の設定のシルク印刷のテキスト高の制約; warning
    @(22.7000 mm, 8.2500 mm): C17のリファレンスフィールド
[text_thickness]: 文字の太さが許容範囲外 (基板の設定のシルク印刷のテキストの太さの制約 最小幅 0.0800 mm; 現状 0.0600 mm)
    Rule: 基板の設定のシルク印刷のテキストの太さの制約; warning
    @(12.5000 mm, 10.5000 mm): C11のリファレンスフィールド
[text_height]: 文字の高さが許容範囲外 (基板の設定のシルク印刷のテキスト高の制約 最小高さ 0.8000 mm; 現状 0.4000 mm)
    Rule: 基板の設定のシルク印刷のテキスト高の制約; warning
    @(12.5000 mm, 10.5000 mm): C11のリファレンスフィールド
[text_thickness]: 文字の太さが許容範囲外 (基板の設定のシルク印刷のテキストの太さの制約 最小幅 0.0800 mm; 現状 0.0600 mm)
    Rule: 基板の設定のシルク印刷のテキストの太さの制約; warning
    @(16.0500 mm, 13.0000 mm): C15のリファレンスフィールド
[text_height]: 文字の高さが許容範囲外 (基板の設定のシルク印刷のテキスト高の制約 最小高さ 0.8000 mm; 現状 0.4000 mm)
    Rule: 基板の設定のシルク印刷のテキスト高の制約; warning
    @(16.0500 mm, 13.0000 mm): C15のリファレンスフィールド
[text_thickness]: 文字の太さが許容範囲外 (基板の設定のシルク印刷のテキストの太さの制約 最小幅 0.0800 mm; 現状 0.0600 mm)
    Rule: 基板の設定のシルク印刷のテキストの太さの制約; warning
    @(21.0633 mm, 12.8615 mm): R7のリファレンスフィールド
[text_height]: 文字の高さが許容範囲外 (基板の設定のシルク印刷のテキスト高の制約 最小高さ 0.8000 mm; 現状 0.4000 mm)
    Rule: 基板の設定のシルク印刷のテキスト高の制約; warning
    @(21.0633 mm, 12.8615 mm): R7のリファレンスフィールド
[text_thickness]: 文字の太さが許容範囲外 (基板の設定のシルク印刷のテキストの太さの制約 最小幅 0.0800 mm; 現状 0.0600 mm)
    Rule: 基板の設定のシルク印刷のテキストの太さの制約; warning
    @(3.5625 mm, 13.8000 mm): R3のリファレンスフィールド
[text_height]: 文字の高さが許容範囲外 (基板の設定のシルク印刷のテキスト高の制約 最小高さ 0.8000 mm; 現状 0.4000 mm)
    Rule: 基板の設定のシルク印刷のテキスト高の制約; warning
    @(3.5625 mm, 13.8000 mm): R3のリファレンスフィールド
[text_thickness]: 文字の太さが許容範囲外 (基板の設定のシルク印刷のテキストの太さの制約 最小幅 0.0800 mm; 現状 0.0600 mm)
    Rule: 基板の設定のシルク印刷のテキストの太さの制約; warning
    @(10.9000 mm, 14.5000 mm): C12のリファレンスフィールド
[text_height]: 文字の高さが許容範囲外 (基板の設定のシルク印刷のテキスト高の制約 最小高さ 0.8000 mm; 現状 0.4000 mm)
    Rule: 基板の設定のシルク印刷のテキスト高の制約; warning
    @(10.9000 mm, 14.5000 mm): C12のリファレンスフィールド
[text_thickness]: 文字の太さが許容範囲外 (基板の設定のシルク印刷のテキストの太さの制約 最小幅 0.0800 mm; 現状 0.0600 mm)
    Rule: 基板の設定のシルク印刷のテキストの太さの制約; warning
    @(22.0375 mm, 4.5000 mm): C14のリファレンスフィールド
[text_height]: 文字の高さが許容範囲外 (基板の設定のシルク印刷のテキスト高の制約 最小高さ 0.8000 mm; 現状 0.4000 mm)
    Rule: 基板の設定のシルク印刷のテキスト高の制約; warning
    @(22.0375 mm, 4.5000 mm): C14のリファレンスフィールド
[text_thickness]: 文字の太さが許容範囲外 (基板の設定のシルク印刷のテキストの太さの制約 最小幅 0.0800 mm; 現状 0.0600 mm)
    Rule: 基板の設定のシルク印刷のテキストの太さの制約; warning
    @(22.1750 mm, 2.2000 mm): C3のリファレンスフィールド
[text_height]: 文字の高さが許容範囲外 (基板の設定のシルク印刷のテキスト高の制約 最小高さ 0.8000 mm; 現状 0.4000 mm)
    Rule: 基板の設定のシルク印刷のテキスト高の制約; warning
    @(22.1750 mm, 2.2000 mm): C3のリファレンスフィールド
[text_thickness]: 文字の太さが許容範囲外 (基板の設定のシルク印刷のテキストの太さの制約 最小幅 0.0800 mm; 現状 0.0600 mm)
    Rule: 基板の設定のシルク印刷のテキストの太さの制約; warning
    @(6.2000 mm, 10.0000 mm): R5のリファレンスフィールド
[text_height]: 文字の高さが許容範囲外 (基板の設定のシルク印刷のテキスト高の制約 最小高さ 0.8000 mm; 現状 0.4000 mm)
    Rule: 基板の設定のシルク印刷のテキスト高の制約; warning
    @(6.2000 mm, 10.0000 mm): R5のリファレンスフィールド
[text_thickness]: 文字の太さが許容範囲外 (基板の設定のシルク印刷のテキストの太さの制約 最小幅 0.0800 mm; 現状 0.0600 mm)
    Rule: 基板の設定のシルク印刷のテキストの太さの制約; warning
    @(30.1000 mm, 1.7000 mm): R9のリファレンスフィールド
[text_height]: 文字の高さが許容範囲外 (基板の設定のシルク印刷のテキスト高の制約 最小高さ 0.8000 mm; 現状 0.4000 mm)
    Rule: 基板の設定のシルク印刷のテキスト高の制約; warning
    @(30.1000 mm, 1.7000 mm): R9のリファレンスフィールド
[text_thickness]: 文字の太さが許容範囲外 (基板の設定のシルク印刷のテキストの太さの制約 最小幅 0.0800 mm; 現状 0.0600 mm)
    Rule: 基板の設定のシルク印刷のテキストの太さの制約; warning
    @(30.3000 mm, 7.0417 mm): U3のリファレンスフィールド
[text_height]: 文字の高さが許容範囲外 (基板の設定のシルク印刷のテキスト高の制約 最小高さ 0.8000 mm; 現状 0.4000 mm)
    Rule: 基板の設定のシルク印刷のテキスト高の制約; warning
    @(30.3000 mm, 7.0417 mm): U3のリファレンスフィールド
[text_thickness]: 文字の太さが許容範囲外 (基板の設定のシルク印刷のテキストの太さの制約 最小幅 0.0800 mm; 現状 0.0600 mm)
    Rule: 基板の設定のシルク印刷のテキストの太さの制約; warning
    @(30.3000 mm, 5.0000 mm): R1のリファレンスフィールド
[text_height]: 文字の高さが許容範囲外 (基板の設定のシルク印刷のテキスト高の制約 最小高さ 0.8000 mm; 現状 0.4000 mm)
    Rule: 基板の設定のシルク印刷のテキスト高の制約; warning
    @(30.3000 mm, 5.0000 mm): R1のリファレンスフィールド
[text_thickness]: 文字の太さが許容範囲外 (基板の設定のシルク印刷のテキストの太さの制約 最小幅 0.0800 mm; 現状 0.0600 mm)
    Rule: 基板の設定のシルク印刷のテキストの太さの制約; warning
    @(13.0500 mm, 13.5500 mm): U5のリファレンスフィールド
[text_height]: 文字の高さが許容範囲外 (基板の設定のシルク印刷のテキスト高の制約 最小高さ 0.8000 mm; 現状 0.4000 mm)
    Rule: 基板の設定のシルク印刷のテキスト高の制約; warning
    @(13.0500 mm, 13.5500 mm): U5のリファレンスフィールド
[text_thickness]: 文字の太さが許容範囲外 (基板の設定のシルク印刷のテキストの太さの制約 最小幅 0.0800 mm; 現状 0.0600 mm)
    Rule: 基板の設定のシルク印刷のテキストの太さの制約; warning
    @(28.5000 mm, 1.7000 mm): R8のリファレンスフィールド
[text_height]: 文字の高さが許容範囲外 (基板の設定のシルク印刷のテキスト高の制約 最小高さ 0.8000 mm; 現状 0.4000 mm)
    Rule: 基板の設定のシルク印刷のテキスト高の制約; warning
    @(28.5000 mm, 1.7000 mm): R8のリファレンスフィールド
[text_thickness]: 文字の太さが許容範囲外 (基板の設定のシルク印刷のテキストの太さの制約 最小幅 0.0800 mm; 現状 0.0600 mm)
    Rule: 基板の設定のシルク印刷のテキストの太さの制約; warning
    @(7.5000 mm, 5.6194 mm): J1のリファレンスフィールド
[text_height]: 文字の高さが許容範囲外 (基板の設定のシルク印刷のテキスト高の制約 最小高さ 0.8000 mm; 現状 0.4000 mm)
    Rule: 基板の設定のシルク印刷のテキスト高の制約; warning
    @(7.5000 mm, 5.6194 mm): J1のリファレンスフィールド
[silk_overlap]: Silkscreen clearance
    Rule: 基板の設定のシルクスクリーンの制約; warning
    @(31.9500 mm, 16.7500 mm): 矩形 of L2 、F.Silkscreen 上
[silk_overlap]: Silkscreen clearance
    Rule: 基板の設定のシルクスクリーンの制約; warning
[silk_overlap]: Silkscreen clearance
    Rule: 基板の設定のシルクスクリーンの制約; warning
    @(33.3000 mm, 13.8000 mm): 矩形 of C2 、F.Silkscreen 上
    @(34.3000 mm, 13.6000 mm): C2のリファレンスフィールド
[silk_overlap]: Silkscreen clearance
    Rule: 基板の設定のシルクスクリーンの制約; warning
    @(35.8000 mm, 14.7000 mm): ANT1のリファレンスフィールド
    @(33.3000 mm, 13.8000 mm): 矩形 of C2 、F.Silkscreen 上
[silk_overlap]: Silkscreen clearance
    Rule: 基板の設定のシルクスクリーンの制約; warning
    @(33.3000 mm, 13.8000 mm): 矩形 of C2 、F.Silkscreen 上
    @(35.0000 mm, 16.7000 mm): 矩形 of ANT1 、F.Silkscreen 上
[silk_overlap]: Silkscreen clearance
    Rule: 基板の設定のシルクスクリーンの制約; warning
    @(33.3000 mm, 13.8000 mm): 矩形 of C2 、F.Silkscreen 上
    @(31.9500 mm, 16.7500 mm): 矩形 of L2 、F.Silkscreen 上
[silk_overlap]: Silkscreen clearance
    Rule: 基板の設定のシルクスクリーンの制約; warning
    @(33.3000 mm, 13.8000 mm): 矩形 of C2 、F.Silkscreen 上
[silk_overlap]: Silkscreen clearance
    Rule: 基板の設定のシルクスクリーンの制約; warning
    @(35.8000 mm, 14.7000 mm): ANT1のリファレンスフィールド
    @(35.0000 mm, 16.7000 mm): 矩形 of ANT1 、F.Silkscreen 上
[silk_overlap]: Silkscreen clearance
    Rule: 基板の設定のシルクスクリーンの制約; warning
    @(31.9500 mm, 16.7500 mm): 矩形 of L2 、F.Silkscreen 上
    @(32.7500 mm, 14.7500 mm): L2のリファレンスフィールド
[silk_overlap]: Silkscreen clearance
    Rule: 基板の設定のシルクスクリーンの制約; warning
    @(30.8000 mm, 13.7500 mm): 矩形 of C1 、F.Silkscreen 上
    @(32.7500 mm, 14.7500 mm): L2のリファレンスフィールド
[silk_overlap]: Silkscreen clearance
    Rule: 基板の設定のシルクスクリーンの制約; warning
[silk_overlap]: Silkscreen clearance
    Rule: 基板の設定のシルクスクリーンの制約; warning
    @(31.9500 mm, 16.7500 mm): 矩形 of L2 、F.Silkscreen 上
    @(30.8000 mm, 13.7500 mm): 矩形 of C1 、F.Silkscreen 上
[silk_overlap]: Silkscreen clearance
    Rule: 基板の設定のシルクスクリーンの制約; warning
[silk_overlap]: Silkscreen clearance
    Rule: 基板の設定のシルクスクリーンの制約; warning
    @(31.8000 mm, 13.5500 mm): C1のリファレンスフィールド
    @(30.8000 mm, 13.7500 mm): 矩形 of C1 、F.Silkscreen 上
[silk_overlap]: Silkscreen clearance
    Rule: 基板の設定のシルクスクリーンの制約; warning
    @(31.2750 mm, 9.1722 mm): 矩形 of C9 、F.Silkscreen 上
    @(32.2750 mm, 8.9722 mm): C9のリファレンスフィールド
[silk_overlap]: Silkscreen clearance
    Rule: 基板の設定のシルクスクリーンの制約; warning
    @(29.8250 mm, 8.9944 mm): C8のリファレンスフィールド
    @(28.8250 mm, 9.1944 mm): 矩形 of C8 、F.Silkscreen 上
[silk_overlap]: Silkscreen clearance
    Rule: 基板の設定のシルクスクリーンの制約; warning
    @(29.3000 mm, 7.2417 mm): 矩形 of U3 、F.Silkscreen 上
    @(29.8250 mm, 8.9944 mm): C8のリファレンスフィールド
[silk_overlap]: Silkscreen clearance
    Rule: 基板の設定のシルクスクリーンの制約; warning
    @(24.0000 mm, 10.7000 mm): C7のリファレンスフィールド
    @(23.0000 mm, 10.9000 mm): 矩形 of C7 、F.Silkscreen 上
[silk_overlap]: Silkscreen clearance
    Rule: 基板の設定のシルクスクリーンの制約; warning
    @(20.0633 mm, 13.0615 mm): 矩形 of R7 、F.Silkscreen 上
    @(21.0633 mm, 12.8615 mm): R7のリファレンスフィールド
[silk_overlap]: Silkscreen clearance
    Rule: 基板の設定のシルクスクリーンの制約; warning
    @(14.1484 mm, 5.6894 mm): 矩形 of U1 、F.Silkscreen 上
    @(21.0633 mm, 12.8615 mm): R7のリファレンスフィールド
[silk_overlap]: Silkscreen clearance
    Rule: 基板の設定のシルクスクリーンの制約; warning
[silk_overlap]: Silkscreen clearance
    Rule: 基板の設定のシルクスクリーンの制約; warning
    @(25.7000 mm, 7.7000 mm): U2のリファレンスフィールド
    @(24.7000 mm, 7.9000 mm): 矩形 of U2 、F.Silkscreen 上
[silk_overlap]: Silkscreen clearance
    Rule: 基板の設定のシルクスクリーンの制約; warning
    @(27.9500 mm, 8.4750 mm): C6のリファレンスフィールド
    @(27.1500 mm, 10.4750 mm): 矩形 of C6 、F.Silkscreen 上
[silk_overlap]: Silkscreen clearance
    Rule: 基板の設定のシルクスクリーンの制約; warning
    @(27.9500 mm, 5.9250 mm): C5のリファレンスフィールド
    @(27.1500 mm, 7.9250 mm): 矩形 of C5 、F.Silkscreen 上
[silk_overlap]: Silkscreen clearance
    Rule: 基板の設定のシルクスクリーンの制約; warning
    @(22.7000 mm, 8.2500 mm): C17のリファレンスフィールド
    @(22.5125 mm, 8.0000 mm): 矩形 of C4 、F.Silkscreen 上
[silk_overlap]: Silkscreen clearance
    Rule: 基板の設定のシルクスクリーンの制約; warning
    @(22.7000 mm, 8.2500 mm): C17のリファレンスフィールド
    @(21.7000 mm, 8.4500 mm): 矩形 of C17 、F.Silkscreen 上
[silk_overlap]: Silkscreen clearance
    Rule: 基板の設定のシルクスクリーンの制約; warning
    @(25.7000 mm, 4.2000 mm): L1のリファレンスフィールド
    @(24.7000 mm, 4.4000 mm): 矩形 of L1 、F.Silkscreen 上
[silk_overlap]: Silkscreen clearance
    Rule: 基板の設定のシルクスクリーンの制約; warning
    @(23.3125 mm, 6.0000 mm): C4のリファレンスフィールド
    @(22.5125 mm, 8.0000 mm): 矩形 of C4 、F.Silkscreen 上
[silk_overlap]: Silkscreen clearance
    Rule: 基板の設定のシルクスクリーンの制約; warning
    @(21.0375 mm, 4.7000 mm): 矩形 of C14 、F.Silkscreen 上
    @(22.5125 mm, 8.0000 mm): 矩形 of C4 、F.Silkscreen 上
[silk_overlap]: Silkscreen clearance
    Rule: 基板の設定のシルクスクリーンの制約; warning
    @(21.0375 mm, 4.7000 mm): 矩形 of C14 、F.Silkscreen 上
    @(23.3125 mm, 6.0000 mm): C4のリファレンスフィールド
[silk_overlap]: Silkscreen clearance
    Rule: 基板の設定のシルクスクリーンの制約; warning
    @(21.0375 mm, 4.7000 mm): 矩形 of C14 、F.Silkscreen 上
    @(22.0375 mm, 4.5000 mm): C14のリファレンスフィールド
[silk_overlap]: Silkscreen clearance
    Rule: 基板の設定のシルクスクリーンの制約; warning
    @(21.0375 mm, 4.7000 mm): 矩形 of C14 、F.Silkscreen 上
    @(14.1484 mm, 5.6894 mm): 矩形 of U1 、F.Silkscreen 上
[silk_overlap]: Silkscreen clearance
    Rule: 基板の設定のシルクスクリーンの制約; warning
    @(19.5750 mm, 2.4000 mm): 矩形 of R4 、F.Silkscreen 上
    @(20.5750 mm, 2.2000 mm): R4のリファレンスフィールド
[silk_overlap]: Silkscreen clearance
    Rule: 基板の設定のシルクスクリーンの制約; warning
    @(22.1750 mm, 2.2000 mm): C3のリファレンスフィールド
    @(21.1750 mm, 2.4000 mm): 矩形 of C3 、F.Silkscreen 上
[silk_overlap]: Silkscreen clearance
    Rule: 基板の設定のシルクスクリーンの制約; warning
    @(19.5750 mm, 2.4000 mm): 矩形 of R4 、F.Silkscreen 上
    @(21.1750 mm, 2.4000 mm): 矩形 of C3 、F.Silkscreen 上
[silk_overlap]: Silkscreen clearance
    Rule: 基板の設定のシルクスクリーンの制約; warning
    @(30.1000 mm, 1.7000 mm): R9のリファレンスフィールド
    @(29.1000 mm, 1.9000 mm): 矩形 of R9 、F.Silkscreen 上
[silk_overlap]: Silkscreen clearance
    Rule: 基板の設定のシルクスクリーンの制約; warning
    @(27.5000 mm, 1.9000 mm): 矩形 of R8 、F.Silkscreen 上
    @(29.1000 mm, 1.9000 mm): 矩形 of R9 、F.Silkscreen 上
[silk_overlap]: Silkscreen clearance
    Rule: 基板の設定のシルクスクリーンの制約; warning
    @(30.3000 mm, 5.0000 mm): R1のリファレンスフィールド
    @(29.3000 mm, 5.2000 mm): 矩形 of R1 、F.Silkscreen 上
[silk_overlap]: Silkscreen clearance
    Rule: 基板の設定のシルクスクリーンの制約; warning
    @(29.3000 mm, 7.2417 mm): 矩形 of U3 、F.Silkscreen 上
    @(30.3000 mm, 7.0417 mm): U3のリファレンスフィールド
[silk_overlap]: Silkscreen clearance
    Rule: 基板の設定のシルクスクリーンの制約; warning
    @(30.3000 mm, 7.0417 mm): U3のリファレンスフィールド
    @(29.3000 mm, 5.2000 mm): 矩形 of R1 、F.Silkscreen 上
[silk_overlap]: Silkscreen clearance
    Rule: 基板の設定のシルクスクリーンの制約; warning
    @(28.5000 mm, 1.7000 mm): R8のリファレンスフィールド
    @(27.5000 mm, 1.9000 mm): 矩形 of R8 、F.Silkscreen 上
[silk_overlap]: Silkscreen clearance
    Rule: 基板の設定のシルクスクリーンの制約; warning
[silk_overlap]: Silkscreen clearance
    Rule: 基板の設定のシルクスクリーンの制約; warning
    @(20.0633 mm, 13.0615 mm): 矩形 of R7 、F.Silkscreen 上
[silk_overlap]: Silkscreen clearance
    Rule: 基板の設定のシルクスクリーンの制約; warning
    @(14.1484 mm, 5.6894 mm): 矩形 of U1 、F.Silkscreen 上
    @(20.0633 mm, 13.0615 mm): 矩形 of R7 、F.Silkscreen 上
[silk_overlap]: Silkscreen clearance
    Rule: 基板の設定のシルクスクリーンの制約; warning
    @(18.7500 mm, 13.0000 mm): C16のリファレンスフィールド
    @(17.7500 mm, 13.2000 mm): 矩形 of C16 、F.Silkscreen 上
[silk_overlap]: Silkscreen clearance
    Rule: 基板の設定のシルクスクリーンの制約; warning
    @(18.7500 mm, 13.0000 mm): C16のリファレンスフィールド
    @(14.1484 mm, 5.6894 mm): 矩形 of U1 、F.Silkscreen 上
[silk_overlap]: Silkscreen clearance
    Rule: 基板の設定のシルクスクリーンの制約; warning
    @(15.0500 mm, 13.2000 mm): 矩形 of C15 、F.Silkscreen 上
[silk_overlap]: Silkscreen clearance
    Rule: 基板の設定のシルクスクリーンの制約; warning
    @(15.0500 mm, 13.2000 mm): 矩形 of C15 、F.Silkscreen 上
    @(14.1000 mm, 14.7000 mm): 矩形 of C13 、F.Silkscreen 上
[silk_overlap]: Silkscreen clearance
    Rule: 基板の設定のシルクスクリーンの制約; warning
    @(14.1484 mm, 5.6894 mm): 矩形 of U1 、F.Silkscreen 上
    @(16.0500 mm, 13.0000 mm): C15のリファレンスフィールド
[silk_overlap]: Silkscreen clearance
    Rule: 基板の設定のシルクスクリーンの制約; warning
    @(15.0500 mm, 13.2000 mm): 矩形 of C15 、F.Silkscreen 上
    @(16.0500 mm, 13.0000 mm): C15のリファレンスフィールド
[silk_overlap]: Silkscreen clearance
    Rule: 基板の設定のシルクスクリーンの制約; warning
    @(15.1000 mm, 14.5000 mm): C13のリファレンスフィールド
    @(14.1000 mm, 14.7000 mm): 矩形 of C13 、F.Silkscreen 上
[silk_overlap]: Silkscreen clearance
    Rule: 基板の設定のシルクスクリーンの制約; warning
    @(15.1000 mm, 14.5000 mm): C13のリファレンスフィールド
    @(15.0500 mm, 13.2000 mm): 矩形 of C15 、F.Silkscreen 上
[silk_overlap]: Silkscreen clearance
    Rule: 基板の設定のシルクスクリーンの制約; warning
    @(11.5000 mm, 10.7000 mm): 矩形 of C11 、F.Silkscreen 上
    @(12.5000 mm, 10.5000 mm): C11のリファレンスフィールド
[silk_overlap]: Silkscreen clearance
    Rule: 基板の設定のシルクスクリーンの制約; warning
    @(13.0500 mm, 13.5500 mm): U5のリファレンスフィールド
    @(12.0500 mm, 13.7500 mm): 矩形 of U5 、F.Silkscreen 上
[silk_overlap]: Silkscreen clearance
    Rule: 基板の設定のシルクスクリーンの制約; warning
    @(7.0500 mm, 10.2000 mm): 矩形 of R6 、F.Silkscreen 上
    @(7.0000 mm, 11.5000 mm): C10のリファレンスフィールド
[silk_overlap]: Silkscreen clearance
    Rule: 基板の設定のシルクスクリーンの制約; warning
    @(7.0000 mm, 11.5000 mm): C10のリファレンスフィールド
    @(6.0000 mm, 11.7000 mm): 矩形 of C10 、F.Silkscreen 上
[silk_overlap]: Silkscreen clearance
    Rule: 基板の設定のシルクスクリーンの制約; warning
    @(8.0500 mm, 10.0000 mm): R6のリファレンスフィールド
    @(7.0500 mm, 10.2000 mm): 矩形 of R6 、F.Silkscreen 上
[silk_overlap]: Silkscreen clearance
    Rule: 基板の設定のシルクスクリーンの制約; warning
    @(7.0500 mm, 10.2000 mm): 矩形 of R6 、F.Silkscreen 上
    @(5.2000 mm, 10.2000 mm): 矩形 of R5 、F.Silkscreen 上
[silk_overlap]: Silkscreen clearance
    Rule: 基板の設定のシルクスクリーンの制約; warning
    @(7.0500 mm, 10.2000 mm): 矩形 of R6 、F.Silkscreen 上
    @(6.0000 mm, 11.7000 mm): 矩形 of C10 、F.Silkscreen 上
[silk_overlap]: Silkscreen clearance
    Rule: 基板の設定のシルクスクリーンの制約; warning
    @(5.2000 mm, 10.2000 mm): 矩形 of R5 、F.Silkscreen 上
    @(6.0000 mm, 11.7000 mm): 矩形 of C10 、F.Silkscreen 上
[silk_overlap]: Silkscreen clearance
    Rule: 基板の設定のシルクスクリーンの制約; warning
    @(3.4000 mm, 2.2000 mm): SW1のリファレンスフィールド
    @(2.4000 mm, 2.4000 mm): 矩形 of SW1 、F.Silkscreen 上
[silk_overlap]: Silkscreen clearance
    Rule: 基板の設定のシルクスクリーンの制約; warning
    @(14.1484 mm, 5.6894 mm): 矩形 of U1 、F.Silkscreen 上
    @(14.5000 mm, 8.1194 mm): 矩形 of J1 、F.Silkscreen 上
[silk_overlap]: Silkscreen clearance
    Rule: 基板の設定のシルクスクリーンの制約; warning
    @(13.8984 mm, 4.9894 mm): U1 のフットプリント テキスト ( PIN1 )
    @(14.5000 mm, 8.1194 mm): 矩形 of J1 、F.Silkscreen 上
[silk_overlap]: Silkscreen clearance
    Rule: 基板の設定のシルクスクリーンの制約; warning
    @(1.5375 mm, 13.8000 mm): LED1のリファレンスフィールド
    @(0.5375 mm, 14.0000 mm): 矩形 of LED1 、F.Silkscreen 上
[silk_overlap]: Silkscreen clearance
    Rule: 基板の設定のシルクスクリーンの制約; warning
    @(2.5625 mm, 14.0000 mm): 矩形 of R3 、F.Silkscreen 上
    @(0.5375 mm, 14.0000 mm): 矩形 of LED1 、F.Silkscreen 上
[silk_overlap]: Silkscreen clearance
    Rule: 基板の設定のシルクスクリーンの制約; warning
    @(3.5625 mm, 13.8000 mm): R3のリファレンスフィールド
    @(2.5625 mm, 14.0000 mm): 矩形 of R3 、F.Silkscreen 上
[silk_overlap]: Silkscreen clearance
    Rule: 基板の設定のシルクスクリーンの制約; warning
    @(6.2000 mm, 10.0000 mm): R5のリファレンスフィールド
    @(5.2000 mm, 10.2000 mm): 矩形 of R5 、F.Silkscreen 上
[silk_overlap]: Silkscreen clearance
    Rule: 基板の設定のシルクスクリーンの制約; warning
    @(9.9500 mm, 12.4500 mm): U4のリファレンスフィールド
    @(8.9500 mm, 12.6500 mm): 矩形 of U4 、F.Silkscreen 上
[silk_overlap]: Silkscreen clearance
    Rule: 基板の設定のシルクスクリーンの制約; warning
    @(10.9000 mm, 14.5000 mm): C12のリファレンスフィールド
    @(8.9500 mm, 12.6500 mm): 矩形 of U4 、F.Silkscreen 上
[silk_overlap]: Silkscreen clearance
    Rule: 基板の設定のシルクスクリーンの制約; warning
    @(9.9000 mm, 14.7000 mm): 矩形 of C12 、F.Silkscreen 上
    @(10.9000 mm, 14.5000 mm): C12のリファレンスフィールド
[silk_over_copper]: Silkscreen clipped by solder mask
    Local override; warning
[silk_over_copper]: Silkscreen clipped by solder mask
    Local override; warning
[silk_over_copper]: Silkscreen clipped by solder mask
    Local override; warning
[silk_over_copper]: Silkscreen clipped by solder mask
    Local override; warning
    @(35.8000 mm, 14.7000 mm): ANT1のリファレンスフィールド
    @(35.8000 mm, 14.6000 mm): パッド 2 [GND] - ANT1 ( F.Cu 上)
[silk_over_copper]: Silkscreen clipped by solder mask
    Local override; warning
    @(30.8000 mm, 13.7500 mm): 矩形 of C1 、F.Silkscreen 上
    @(32.7500 mm, 15.3000 mm): パッド 2 [RF_ANT] - L2 ( F.Cu 上)
[silk_over_copper]: Silkscreen clipped by solder mask
    Local override; warning
    @(32.7500 mm, 14.7500 mm): L2のリファレンスフィールド
    @(32.2500 mm, 14.5500 mm): パッド 2 [GND] - C1 ( F.Cu 上)
[silk_over_copper]: Silkscreen clipped by solder mask
    Local override; warning
[silk_over_copper]: Silkscreen clipped by solder mask
    Local override; warning
[silk_over_copper]: Silkscreen clipped by solder mask
    Local override; warning
    @(31.9500 mm, 16.7500 mm): 矩形 of L2 、F.Silkscreen 上
    @(32.2500 mm, 14.5500 mm): パッド 2 [GND] - C1 ( F.Cu 上)
[silk_over_copper]: Silkscreen clipped by solder mask
    Local override; warning
    @(35.0000 mm, 16.7000 mm): 矩形 of ANT1 、F.Silkscreen 上
    @(35.8000 mm, 16.8000 mm): パッド 1 [RF_ANT] - ANT1 ( F.Cu 上)
[silk_over_copper]: Silkscreen clipped by solder mask
    Local override; warning
    @(35.0000 mm, 16.7000 mm): 矩形 of ANT1 、F.Silkscreen 上
    @(34.7500 mm, 14.6000 mm): パッド 2 [GND] - C2 ( F.Cu 上)
[silk_over_copper]: Silkscreen clipped by solder mask
    Local override; warning
    @(35.0000 mm, 16.7000 mm): 矩形 of ANT1 、F.Silkscreen 上
    @(35.8000 mm, 14.6000 mm): パッド 2 [GND] - ANT1 ( F.Cu 上)
[silk_over_copper]: Silkscreen clipped by solder mask
    Local override; warning
    @(31.2750 mm, 9.1722 mm): 矩形 of C9 、F.Silkscreen 上
    @(33.0250 mm, 9.9722 mm): パッド 2 [GND] - C9 ( F.Cu 上)
[silk_over_copper]: Silkscreen clipped by solder mask
    Local override; warning
    @(31.2750 mm, 9.1722 mm): 矩形 of C9 、F.Silkscreen 上
    @(31.5250 mm, 9.9722 mm): パッド 1 [VBAT] - C9 ( F.Cu 上)
[silk_over_copper]: Silkscreen clipped by solder mask
    Local override; warning
    @(28.8250 mm, 9.1944 mm): 矩形 of C8 、F.Silkscreen 上
    @(30.5750 mm, 9.9944 mm): パッド 2 [GND] - C8 ( F.Cu 上)
[silk_over_copper]: Silkscreen clipped by solder mask
    Local override; warning
    @(28.8250 mm, 9.1944 mm): 矩形 of C8 、F.Silkscreen 上
    @(30.7500 mm, 8.9917 mm): パッド 4 [VCHG_5V] - U3 ( F.Cu 上)
[silk_over_copper]: Silkscreen clipped by solder mask
    Local override; warning
    @(29.8250 mm, 8.9944 mm): C8のリファレンスフィールド
    @(29.8500 mm, 8.9917 mm): パッド 5 [CHG_PROG] - U3 ( F.Cu 上)
[silk_over_copper]: Silkscreen clipped by solder mask
    Local override; warning
    @(28.8250 mm, 9.1944 mm): 矩形 of C8 、F.Silkscreen 上
    @(29.8500 mm, 8.9917 mm): パッド 5 [CHG_PROG] - U3 ( F.Cu 上)
[silk_over_copper]: Silkscreen clipped by solder mask
    Local override; warning
    @(28.8250 mm, 9.1944 mm): 矩形 of C8 、F.Silkscreen 上
    @(29.0750 mm, 9.9944 mm): パッド 1 [VCHG_5V] - C8 ( F.Cu 上)
[silk_over_copper]: Silkscreen clipped by solder mask
    Local override; warning
    @(27.1500 mm, 10.4750 mm): 矩形 of C6 、F.Silkscreen 上
    @(27.9500 mm, 10.2250 mm): パッド 1 [3V3] - C6 ( F.Cu 上)
[silk_over_copper]: Silkscreen clipped by solder mask
    Local override; warning
    @(27.1500 mm, 10.4750 mm): 矩形 of C6 、F.Silkscreen 上
    @(29.0750 mm, 9.9944 mm): パッド 1 [VCHG_5V] - C8 ( F.Cu 上)
[silk_over_copper]: Silkscreen clipped by solder mask
    Local override; warning
    @(29.3000 mm, 7.2417 mm): 矩形 of U3 、F.Silkscreen 上
    @(30.7500 mm, 8.9917 mm): パッド 4 [VCHG_5V] - U3 ( F.Cu 上)
[silk_over_copper]: Silkscreen clipped by solder mask
    Local override; warning
    @(29.3000 mm, 7.2417 mm): 矩形 of U3 、F.Silkscreen 上
    @(29.8500 mm, 8.9917 mm): パッド 5 [CHG_PROG] - U3 ( F.Cu 上)
[silk_over_copper]: Silkscreen clipped by solder mask
    Local override; warning
[silk_over_copper]: Silkscreen clipped by solder mask
    Local override; warning
    @(23.0000 mm, 10.9000 mm): 矩形 of C7 、F.Silkscreen 上
    @(22.6000 mm, 11.7000 mm): パッド 1 [3V3] - C7 ( F.Cu 上)
[silk_over_copper]: Silkscreen clipped by solder mask
    Local override; warning
    @(23.0000 mm, 10.9000 mm): 矩形 of C7 、F.Silkscreen 上
    @(25.4000 mm, 11.7000 mm): パッド 2 [GND] - C7 ( F.Cu 上)
[silk_over_copper]: Silkscreen clipped by solder mask
    Local override; warning
[silk_over_copper]: Silkscreen clipped by solder mask
    Local override; warning
[silk_over_copper]: Silkscreen clipped by solder mask
    Local override; warning
[silk_over_copper]: Silkscreen clipped by solder mask
    Local override; warning
[silk_over_copper]: Silkscreen clipped by solder mask
    Local override; warning
[silk_over_copper]: Silkscreen clipped by solder mask
    Local override; warning
[silk_over_copper]: Silkscreen clipped by solder mask
    Local override; warning
    @(27.9500 mm, 8.4750 mm): C6のリファレンスフィールド
    @(27.9500 mm, 8.7250 mm): パッド 2 [GND] - C6 ( F.Cu 上)
[silk_over_copper]: Silkscreen clipped by solder mask
    Local override; warning
    @(27.9500 mm, 5.9250 mm): C5のリファレンスフィールド
    @(27.9500 mm, 6.1750 mm): パッド 2 [GND] - C5 ( F.Cu 上)
[silk_over_copper]: Silkscreen clipped by solder mask
    Local override; warning
    @(27.1500 mm, 7.9250 mm): 矩形 of C5 、F.Silkscreen 上
    @(27.9500 mm, 7.6750 mm): パッド 1 [3V3] - C5 ( F.Cu 上)
[silk_over_copper]: Silkscreen clipped by solder mask
    Local override; warning
    @(27.1500 mm, 7.9250 mm): 矩形 of C5 、F.Silkscreen 上
    @(27.9500 mm, 6.1750 mm): パッド 2 [GND] - C5 ( F.Cu 上)
[silk_over_copper]: Silkscreen clipped by solder mask
    Local override; warning
    @(27.1500 mm, 10.4750 mm): 矩形 of C6 、F.Silkscreen 上
    @(27.9500 mm, 8.7250 mm): パッド 2 [GND] - C6 ( F.Cu 上)
[silk_over_copper]: Silkscreen clipped by solder mask
    Local override; warning
    @(22.5125 mm, 8.0000 mm): 矩形 of C4 、F.Silkscreen 上
    @(23.3125 mm, 7.7500 mm): パッド 1 [VBAT] - C4 ( F.Cu 上)
[silk_over_copper]: Silkscreen clipped by solder mask
    Local override; warning
    @(22.7000 mm, 8.2500 mm): C17のリファレンスフィールド
    @(23.3125 mm, 7.7500 mm): パッド 1 [VBAT] - C4 ( F.Cu 上)
[silk_over_copper]: Silkscreen clipped by solder mask
    Local override; warning
    @(24.7000 mm, 4.4000 mm): 矩形 of L1 、F.Silkscreen 上
    @(24.8000 mm, 5.2000 mm): パッド 1 [TPS_L1] - L1 ( F.Cu 上)
[silk_over_copper]: Silkscreen clipped by solder mask
    Local override; warning
    @(24.7000 mm, 4.4000 mm): 矩形 of L1 、F.Silkscreen 上
    @(26.6000 mm, 5.2000 mm): パッド 2 [TPS_L2] - L1 ( F.Cu 上)
[silk_over_copper]: Silkscreen clipped by solder mask
    Local override; warning
    @(23.3125 mm, 6.0000 mm): C4のリファレンスフィールド
    @(23.3125 mm, 6.2500 mm): パッド 2 [GND] - C4 ( F.Cu 上)
[silk_over_copper]: Silkscreen clipped by solder mask
    Local override; warning
    @(22.5125 mm, 8.0000 mm): 矩形 of C4 、F.Silkscreen 上
    @(23.3125 mm, 6.2500 mm): パッド 2 [GND] - C4 ( F.Cu 上)
[silk_over_copper]: Silkscreen clipped by solder mask
    Local override; warning
    @(21.0375 mm, 4.7000 mm): 矩形 of C14 、F.Silkscreen 上
    @(23.3125 mm, 6.2500 mm): パッド 2 [GND] - C4 ( F.Cu 上)
[silk_over_copper]: Silkscreen clipped by solder mask
    Local override; warning
    @(21.1750 mm, 2.4000 mm): 矩形 of C3 、F.Silkscreen 上
    @(21.0250 mm, 3.2000 mm): パッド 2 [CHIP_PU] - R4 ( F.Cu 上)
[silk_over_copper]: Silkscreen clipped by solder mask
    Local override; warning
    @(19.5750 mm, 2.4000 mm): 矩形 of R4 、F.Silkscreen 上
    @(21.7250 mm, 3.2000 mm): パッド 1 [CHIP_PU] - C3 ( F.Cu 上)
[silk_over_copper]: Silkscreen clipped by solder mask
    Local override; warning
    @(29.1000 mm, 1.9000 mm): 矩形 of R9 、F.Silkscreen 上
    @(28.9500 mm, 2.7000 mm): パッド 2 [CHG_DETECT] - R8 ( F.Cu 上)
[silk_over_copper]: Silkscreen clipped by solder mask
    Local override; warning
    @(27.5000 mm, 1.9000 mm): 矩形 of R8 、F.Silkscreen 上
    @(29.6500 mm, 2.7000 mm): パッド 1 [CHG_DETECT] - R9 ( F.Cu 上)
[silk_over_copper]: Silkscreen clipped by solder mask
    Local override; warning
    @(30.3000 mm, 7.0417 mm): U3のリファレンスフィールド
    @(30.3000 mm, 7.0917 mm): パッド 2 [GND] - U3 ( F.Cu 上)
[silk_over_copper]: Silkscreen clipped by solder mask
    Local override; warning
    @(29.3000 mm, 7.2417 mm): 矩形 of U3 、F.Silkscreen 上
    @(29.3500 mm, 7.0917 mm): パッド 1 [CHG_STAT] - U3 ( F.Cu 上)
[silk_over_copper]: Silkscreen clipped by solder mask
    Local override; warning
    @(29.3000 mm, 7.2417 mm): 矩形 of U3 、F.Silkscreen 上
    @(30.3000 mm, 7.0917 mm): パッド 2 [GND] - U3 ( F.Cu 上)
[silk_over_copper]: Silkscreen clipped by solder mask
    Local override; warning
    @(29.3000 mm, 7.2417 mm): 矩形 of U3 、F.Silkscreen 上
    @(31.2500 mm, 7.0917 mm): パッド 3 [VBAT] - U3 ( F.Cu 上)
[silk_over_copper]: Silkscreen clipped by solder mask
    Local override; warning
    @(29.3000 mm, 5.2000 mm): 矩形 of R1 、F.Silkscreen 上
    @(31.2500 mm, 7.0917 mm): パッド 3 [VBAT] - U3 ( F.Cu 上)
[silk_over_copper]: Silkscreen clipped by solder mask
    Local override; warning
    @(29.3000 mm, 5.2000 mm): 矩形 of R1 、F.Silkscreen 上
    @(29.3500 mm, 7.0917 mm): パッド 1 [CHG_STAT] - U3 ( F.Cu 上)
[silk_over_copper]: Silkscreen clipped by solder mask
    Local override; warning
    @(29.3000 mm, 5.2000 mm): 矩形 of R1 、F.Silkscreen 上
    @(30.3000 mm, 7.0917 mm): パッド 2 [GND] - U3 ( F.Cu 上)
[silk_over_copper]: Silkscreen clipped by solder mask
    Local override; warning
    @(20.0633 mm, 13.0615 mm): 矩形 of R7 、F.Silkscreen 上
    @(22.1883 mm, 13.5000 mm): パッド A1 [GND] - J2 ( F.Cu 上)
[silk_over_copper]: Silkscreen clipped by solder mask
    Local override; warning
    @(20.0633 mm, 13.0615 mm): 矩形 of R7 、F.Silkscreen 上
    @(20.4484 mm, 12.8394 mm): パッド 28 [<no net>] - U1 ( F.Cu 上)
[silk_over_copper]: Silkscreen clipped by solder mask
    Local override; warning
    @(20.0633 mm, 13.0615 mm): 矩形 of R7 、F.Silkscreen 上
    @(20.0484 mm, 12.8394 mm): パッド 27 [CAM_PWDN] - U1 ( F.Cu 上)
[silk_over_copper]: Silkscreen clipped by solder mask
    Local override; warning
    @(20.0633 mm, 13.0615 mm): 矩形 of R7 、F.Silkscreen 上
    @(20.9883 mm, 15.4000 mm): PTHパッド S1 [GND] (J2)
[silk_over_copper]: Silkscreen clipped by solder mask
    Local override; warning
    @(18.7500 mm, 13.0000 mm): C16のリファレンスフィールド
    @(18.4484 mm, 12.8394 mm): パッド 23 [CAM_HREF] - U1 ( F.Cu 上)
[silk_over_copper]: Silkscreen clipped by solder mask
    Local override; warning
    @(17.7500 mm, 13.2000 mm): 矩形 of C16 、F.Silkscreen 上
    @(19.5000 mm, 14.0000 mm): パッド 2 [GND] - C16 ( F.Cu 上)
[silk_over_copper]: Silkscreen clipped by solder mask
    Local override; warning
    @(17.7500 mm, 13.2000 mm): 矩形 of C16 、F.Silkscreen 上
    @(18.0000 mm, 14.0000 mm): パッド 1 [3V3] - C16 ( F.Cu 上)
[silk_over_copper]: Silkscreen clipped by solder mask
    Local override; warning
    @(16.0500 mm, 13.0000 mm): C15のリファレンスフィールド
    @(15.6484 mm, 12.8394 mm): パッド 16 [CAM_D8] - U1 ( F.Cu 上)
[silk_over_copper]: Silkscreen clipped by solder mask
    Local override; warning
    @(16.0500 mm, 13.0000 mm): C15のリファレンスフィールド
    @(16.4484 mm, 12.8394 mm): パッド 18 [CAM_D6] - U1 ( F.Cu 上)
[silk_over_copper]: Silkscreen clipped by solder mask
    Local override; warning
    @(18.7500 mm, 13.0000 mm): C16のリファレンスフィールド
    @(18.8484 mm, 12.8394 mm): パッド 24 [CAM_RESETB] - U1 ( F.Cu 上)
[silk_over_copper]: Silkscreen clipped by solder mask
    Local override; warning
    @(18.7500 mm, 13.0000 mm): C16のリファレンスフィールド
    @(19.2484 mm, 12.8394 mm): パッド 25 [USB_DN] - U1 ( F.Cu 上)
[silk_over_copper]: Silkscreen clipped by solder mask
    Local override; warning
    @(15.1000 mm, 14.5000 mm): C13のリファレンスフィールド
    @(15.6000 mm, 14.0000 mm): パッド 1 [3V3] - C15 ( F.Cu 上)
[silk_over_copper]: Silkscreen clipped by solder mask
    Local override; warning
    @(11.5000 mm, 10.7000 mm): 矩形 of C11 、F.Silkscreen 上
    @(13.2500 mm, 11.5000 mm): パッド 2 [GND] - C11 ( F.Cu 上)
[silk_over_copper]: Silkscreen clipped by solder mask
    Local override; warning
    @(13.0500 mm, 13.5500 mm): U5のリファレンスフィールド
    @(13.0500 mm, 13.6000 mm): パッド 2 [GND] - U5 ( F.Cu 上)
[silk_over_copper]: Silkscreen clipped by solder mask
    Local override; warning
    @(16.0500 mm, 13.0000 mm): C15のリファレンスフィールド
    @(16.0484 mm, 12.8394 mm): パッド 17 [CAM_D7] - U1 ( F.Cu 上)
[silk_over_copper]: Silkscreen clipped by solder mask
    Local override; warning
    @(12.0500 mm, 13.7500 mm): 矩形 of U5 、F.Silkscreen 上
    @(12.1000 mm, 13.6000 mm): パッド 1 [3V3] - U5 ( F.Cu 上)
[silk_over_copper]: Silkscreen clipped by solder mask
    Local override; warning
    @(12.0500 mm, 13.7500 mm): 矩形 of U5 、F.Silkscreen 上
    @(13.0500 mm, 13.6000 mm): パッド 2 [GND] - U5 ( F.Cu 上)
[silk_over_copper]: Silkscreen clipped by solder mask
    Local override; warning
    @(12.0500 mm, 13.7500 mm): 矩形 of U5 、F.Silkscreen 上
    @(14.0000 mm, 13.6000 mm): パッド 3 [3V3] - U5 ( F.Cu 上)
[silk_over_copper]: Silkscreen clipped by solder mask
    Local override; warning
    @(12.0500 mm, 13.7500 mm): 矩形 of U5 、F.Silkscreen 上
    @(13.5000 mm, 15.5000 mm): パッド 4 [<no net>] - U5 ( F.Cu 上)
[silk_over_copper]: Silkscreen clipped by solder mask
    Local override; warning
    @(12.0500 mm, 13.7500 mm): 矩形 of U5 、F.Silkscreen 上
    @(12.6000 mm, 15.5000 mm): パッド 5 [1V3] - U5 ( F.Cu 上)
[silk_over_copper]: Silkscreen clipped by solder mask
    Local override; warning
    @(7.0000 mm, 11.5000 mm): C10のリファレンスフィールド
    @(6.6500 mm, 11.0000 mm): パッド 2 [CAM_SIOD] - R5 ( F.Cu 上)
[silk_over_copper]: Silkscreen clipped by solder mask
    Local override; warning
    @(7.0000 mm, 11.5000 mm): C10のリファレンスフィールド
    @(7.6000 mm, 11.0000 mm): パッド 1 [2V8] - R6 ( F.Cu 上)
[silk_over_copper]: Silkscreen clipped by solder mask
    Local override; warning
    @(2.4000 mm, 2.4000 mm): 矩形 of SW1 、F.Silkscreen 上
    @(4.2000 mm, 2.7500 mm): パッド 2 [WAKE_BUTTON] - SW1 ( F.Cu 上)
[silk_over_copper]: Silkscreen clipped by solder mask
    Local override; warning
    @(2.4000 mm, 2.4000 mm): 矩形 of SW1 、F.Silkscreen 上
    @(4.2000 mm, 3.6500 mm): パッド 4 [GND] - SW1 ( F.Cu 上)
[silk_over_copper]: Silkscreen clipped by solder mask
    Local override; warning
    @(2.4000 mm, 2.4000 mm): 矩形 of SW1 、F.Silkscreen 上
    @(2.6000 mm, 2.7500 mm): パッド 1 [WAKE_BUTTON] - SW1 ( F.Cu 上)
[silk_over_copper]: Silkscreen clipped by solder mask
    Local override; warning
    @(2.4000 mm, 2.4000 mm): 矩形 of SW1 、F.Silkscreen 上
    @(2.6000 mm, 3.6500 mm): パッド 3 [GND] - SW1 ( F.Cu 上)
[silk_over_copper]: Silkscreen clipped by solder mask
    Local override; warning
    @(14.5000 mm, 8.1194 mm): 矩形 of J1 、F.Silkscreen 上
    @(14.3984 mm, 7.9894 mm): パッド 4 [CHIP_PU] - U1 ( F.Cu 上)
[silk_over_copper]: Silkscreen clipped by solder mask
    Local override; warning
    @(14.5000 mm, 8.1194 mm): 矩形 of J1 、F.Silkscreen 上
    @(0.8000 mm, 5.6194 mm): パッド S2 [GND] - J1 ( F.Cu 上)
[silk_over_copper]: Silkscreen clipped by solder mask
    Local override; warning
    @(14.5000 mm, 8.1194 mm): 矩形 of J1 、F.Silkscreen 上
    @(14.3984 mm, 6.7894 mm): パッド 1 [LNA_IN] - U1 ( F.Cu 上)
[silk_over_copper]: Silkscreen clipped by solder mask
    Local override; warning
    @(14.5000 mm, 8.1194 mm): 矩形 of J1 、F.Silkscreen 上
    @(14.3984 mm, 7.1894 mm): パッド 2 [3V3] - U1 ( F.Cu 上)
[silk_over_copper]: Silkscreen clipped by solder mask
    Local override; warning
    @(14.5000 mm, 8.1194 mm): 矩形 of J1 、F.Silkscreen 上
    @(14.3984 mm, 7.5894 mm): パッド 3 [3V3] - U1 ( F.Cu 上)
[silk_over_copper]: Silkscreen clipped by solder mask
    Local override; warning
    @(14.5000 mm, 8.1194 mm): 矩形 of J1 、F.Silkscreen 上
    @(14.2000 mm, 5.6194 mm): パッド S1 [GND] - J1 ( F.Cu 上)
[silk_over_copper]: Silkscreen clipped by solder mask
    Local override; warning
    @(0.5375 mm, 14.0000 mm): 矩形 of LED1 、F.Silkscreen 上
    @(2.2875 mm, 14.8000 mm): パッド 2 [LED_A] - LED1 ( F.Cu 上)
[silk_over_copper]: Silkscreen clipped by solder mask
    Local override; warning
    @(0.5375 mm, 14.0000 mm): 矩形 of LED1 、F.Silkscreen 上
    @(0.7875 mm, 14.8000 mm): パッド 1 [GND] - LED1 ( F.Cu 上)
[silk_over_copper]: Silkscreen clipped by solder mask
    Local override; warning
    @(6.0000 mm, 11.7000 mm): 矩形 of C10 、F.Silkscreen 上
    @(7.7500 mm, 12.5000 mm): パッド 2 [GND] - C10 ( F.Cu 上)
[silk_over_copper]: Silkscreen clipped by solder mask
    Local override; warning
    @(6.0000 mm, 11.7000 mm): 矩形 of C10 、F.Silkscreen 上
    @(6.2500 mm, 12.5000 mm): パッド 1 [2V8] - C10 ( F.Cu 上)
[silk_over_copper]: Silkscreen clipped by solder mask
    Local override; warning
    @(2.5625 mm, 14.0000 mm): 矩形 of R3 、F.Silkscreen 上
    @(2.2875 mm, 14.8000 mm): パッド 2 [LED_A] - LED1 ( F.Cu 上)
[silk_over_copper]: Silkscreen clipped by solder mask
    Local override; warning
    @(13.8984 mm, 5.4394 mm): 円 of U1 、F.Silkscreen 上
    @(14.2000 mm, 5.6194 mm): パッド S1 [GND] - J1 ( F.Cu 上)
[silk_over_copper]: Silkscreen clipped by solder mask
    Local override; warning
    @(13.8984 mm, 4.9894 mm): U1 のフットプリント テキスト ( PIN1 )
    @(14.2000 mm, 5.6194 mm): パッド S1 [GND] - J1 ( F.Cu 上)
[silk_over_copper]: Silkscreen clipped by solder mask
    Local override; warning
    @(9.9500 mm, 12.4500 mm): U4のリファレンスフィールド
    @(9.9500 mm, 12.5000 mm): パッド 2 [GND] - U4 ( F.Cu 上)
[silk_over_copper]: Silkscreen clipped by solder mask
    Local override; warning
    @(8.9500 mm, 12.6500 mm): 矩形 of U4 、F.Silkscreen 上
    @(10.9000 mm, 12.5000 mm): パッド 3 [3V3] - U4 ( F.Cu 上)
[silk_over_copper]: Silkscreen clipped by solder mask
    Local override; warning
    @(11.5000 mm, 10.7000 mm): 矩形 of C11 、F.Silkscreen 上
    @(11.7500 mm, 11.5000 mm): パッド 1 [1V3] - C11 ( F.Cu 上)
[silk_over_copper]: Silkscreen clipped by solder mask
    Local override; warning
    @(9.9000 mm, 14.7000 mm): 矩形 of C12 、F.Silkscreen 上
    @(10.4000 mm, 14.4000 mm): パッド 4 [<no net>] - U4 ( F.Cu 上)
[silk_over_copper]: Silkscreen clipped by solder mask
    Local override; warning
    @(17.8484 mm, 8.3894 mm): U1のリファレンスフィールド
    @(17.8484 mm, 9.3894 mm): パッド 57 [GND] - U1 ( F.Cu 上)
[silk_over_copper]: Silkscreen clipped by solder mask
    Local override; warning
    @(14.1484 mm, 5.6894 mm): 矩形 of U1 、F.Silkscreen 上
    @(20.4484 mm, 5.9394 mm): パッド 43 [CAM_D4] - U1 ( F.Cu 上)
[silk_over_copper]: Silkscreen clipped by solder mask
    Local override; warning
    @(14.1484 mm, 5.6894 mm): 矩形 of U1 、F.Silkscreen 上
    @(20.0484 mm, 5.9394 mm): パッド 44 [CAM_D3] - U1 ( F.Cu 上)
[silk_over_copper]: Silkscreen clipped by solder mask
    Local override; warning
    @(14.1484 mm, 5.6894 mm): 矩形 of U1 、F.Silkscreen 上
    @(19.6484 mm, 5.9394 mm): パッド 45 [CAM_D2] - U1 ( F.Cu 上)
[silk_over_copper]: Silkscreen clipped by solder mask
    Local override; warning
    @(14.1484 mm, 5.6894 mm): 矩形 of U1 、F.Silkscreen 上
    @(19.2484 mm, 5.9394 mm): パッド 46 [3V3] - U1 ( F.Cu 上)
[silk_over_copper]: Silkscreen clipped by solder mask
    Local override; warning
    @(14.1484 mm, 5.6894 mm): 矩形 of U1 、F.Silkscreen 上
    @(21.5875 mm, 5.5000 mm): パッド 1 [VDD_SPI] - C14 ( F.Cu 上)
[silk_over_copper]: Silkscreen clipped by solder mask
    Local override; warning
    @(14.1484 mm, 5.6894 mm): 矩形 of U1 、F.Silkscreen 上
    @(18.8484 mm, 5.9394 mm): パッド 47 [CAM_PCLK] - U1 ( F.Cu 上)
[silk_over_copper]: Silkscreen clipped by solder mask
    Local override; warning
    @(14.1484 mm, 5.6894 mm): 矩形 of U1 、F.Silkscreen 上
    @(18.4484 mm, 5.9394 mm): パッド 48 [<no net>] - U1 ( F.Cu 上)
[silk_over_copper]: Silkscreen clipped by solder mask
    Local override; warning
    @(14.1484 mm, 5.6894 mm): 矩形 of U1 、F.Silkscreen 上
    @(18.0484 mm, 5.9394 mm): パッド 49 [U0TXD] - U1 ( F.Cu 上)
[silk_over_copper]: Silkscreen clipped by solder mask
    Local override; warning
    @(14.1484 mm, 5.6894 mm): 矩形 of U1 、F.Silkscreen 上
    @(17.6484 mm, 5.9394 mm): パッド 50 [U0RXD] - U1 ( F.Cu 上)
[silk_over_copper]: Silkscreen clipped by solder mask
    Local override; warning
    @(14.1484 mm, 5.6894 mm): 矩形 of U1 、F.Silkscreen 上
    @(17.2484 mm, 5.9394 mm): パッド 51 [<no net>] - U1 ( F.Cu 上)
[silk_over_copper]: Silkscreen clipped by solder mask
    Local override; warning
    @(14.1484 mm, 5.6894 mm): 矩形 of U1 、F.Silkscreen 上
    @(16.8484 mm, 5.9394 mm): パッド 52 [<no net>] - U1 ( F.Cu 上)
[silk_over_copper]: Silkscreen clipped by solder mask
    Local override; warning
    @(14.1484 mm, 5.6894 mm): 矩形 of U1 、F.Silkscreen 上
    @(16.4484 mm, 5.9394 mm): パッド 53 [<no net>] - U1 ( F.Cu 上)
[silk_over_copper]: Silkscreen clipped by solder mask
    Local override; warning
    @(14.1484 mm, 5.6894 mm): 矩形 of U1 、F.Silkscreen 上
    @(16.0484 mm, 5.9394 mm): パッド 54 [<no net>] - U1 ( F.Cu 上)
[silk_over_copper]: Silkscreen clipped by solder mask
    Local override; warning
    @(14.1484 mm, 5.6894 mm): 矩形 of U1 、F.Silkscreen 上
    @(15.6484 mm, 5.9394 mm): パッド 55 [3V3] - U1 ( F.Cu 上)
[silk_over_copper]: Silkscreen clipped by solder mask
    Local override; warning
    @(14.1484 mm, 5.6894 mm): 矩形 of U1 、F.Silkscreen 上
    @(15.2484 mm, 5.9394 mm): パッド 56 [3V3] - U1 ( F.Cu 上)
[silk_over_copper]: Silkscreen clipped by solder mask
    Local override; warning
    @(14.1484 mm, 5.6894 mm): 矩形 of U1 、F.Silkscreen 上
    @(14.2000 mm, 5.6194 mm): パッド S1 [GND] - J1 ( F.Cu 上)
[silk_over_copper]: Silkscreen clipped by solder mask
    Local override; warning
    @(14.1484 mm, 5.6894 mm): 矩形 of U1 、F.Silkscreen 上
    @(21.2984 mm, 10.7894 mm): パッド 32 [<no net>] - U1 ( F.Cu 上)
[silk_over_copper]: Silkscreen clipped by solder mask
    Local override; warning
    @(14.1484 mm, 5.6894 mm): 矩形 of U1 、F.Silkscreen 上
    @(21.2984 mm, 10.3894 mm): パッド 33 [<no net>] - U1 ( F.Cu 上)
[silk_over_copper]: Silkscreen clipped by solder mask
    Local override; warning
    @(14.1484 mm, 5.6894 mm): 矩形 of U1 、F.Silkscreen 上
    @(21.2984 mm, 9.9894 mm): パッド 34 [<no net>] - U1 ( F.Cu 上)
[silk_over_copper]: Silkscreen clipped by solder mask
    Local override; warning
    @(14.1484 mm, 5.6894 mm): 矩形 of U1 、F.Silkscreen 上
    @(21.2984 mm, 11.9894 mm): パッド 29 [VDD_SPI] - U1 ( F.Cu 上)
[silk_over_copper]: Silkscreen clipped by solder mask
    Local override; warning
    @(14.1484 mm, 5.6894 mm): 矩形 of U1 、F.Silkscreen 上
    @(21.2984 mm, 11.5894 mm): パッド 30 [<no net>] - U1 ( F.Cu 上)
[silk_over_copper]: Silkscreen clipped by solder mask
    Local override; warning
    @(14.1484 mm, 5.6894 mm): 矩形 of U1 、F.Silkscreen 上
    @(21.2984 mm, 11.1894 mm): パッド 31 [<no net>] - U1 ( F.Cu 上)
[silk_over_copper]: Silkscreen clipped by solder mask
    Local override; warning
    @(14.1484 mm, 5.6894 mm): 矩形 of U1 、F.Silkscreen 上
    @(21.2984 mm, 9.5894 mm): パッド 35 [<no net>] - U1 ( F.Cu 上)
[silk_over_copper]: Silkscreen clipped by solder mask
    Local override; warning
    @(14.1484 mm, 5.6894 mm): 矩形 of U1 、F.Silkscreen 上
    @(21.2984 mm, 9.1894 mm): パッド 36 [<no net>] - U1 ( F.Cu 上)
[silk_over_copper]: Silkscreen clipped by solder mask
    Local override; warning
    @(14.1484 mm, 5.6894 mm): 矩形 of U1 、F.Silkscreen 上
    @(21.2984 mm, 8.7894 mm): パッド 37 [LED_STATUS] - U1 ( F.Cu 上)
[silk_over_copper]: Silkscreen clipped by solder mask
    Local override; warning
    @(14.1484 mm, 5.6894 mm): 矩形 of U1 、F.Silkscreen 上
    @(21.2984 mm, 8.3894 mm): パッド 38 [<no net>] - U1 ( F.Cu 上)
[silk_over_copper]: Silkscreen clipped by solder mask
    Local override; warning
    @(14.1484 mm, 5.6894 mm): 矩形 of U1 、F.Silkscreen 上
    @(21.2984 mm, 7.9894 mm): パッド 39 [<no net>] - U1 ( F.Cu 上)
[silk_over_copper]: Silkscreen clipped by solder mask
    Local override; warning
    @(14.1484 mm, 5.6894 mm): 矩形 of U1 、F.Silkscreen 上
    @(21.2984 mm, 7.5894 mm): パッド 40 [<no net>] - U1 ( F.Cu 上)
[silk_over_copper]: Silkscreen clipped by solder mask
    Local override; warning
    @(14.1484 mm, 5.6894 mm): 矩形 of U1 、F.Silkscreen 上
    @(21.2984 mm, 7.1894 mm): パッド 41 [<no net>] - U1 ( F.Cu 上)
[silk_over_copper]: Silkscreen clipped by solder mask
    Local override; warning
    @(14.1484 mm, 5.6894 mm): 矩形 of U1 、F.Silkscreen 上
    @(21.2984 mm, 6.7894 mm): パッド 42 [<no net>] - U1 ( F.Cu 上)
[silk_over_copper]: Silkscreen clipped by solder mask
    Local override; warning
    @(14.1484 mm, 5.6894 mm): 矩形 of U1 、F.Silkscreen 上
    @(17.2484 mm, 12.8394 mm): パッド 20 [3V3] - U1 ( F.Cu 上)
[silk_over_copper]: Silkscreen clipped by solder mask
    Local override; warning
    @(14.1484 mm, 5.6894 mm): 矩形 of U1 、F.Silkscreen 上
    @(17.6484 mm, 12.8394 mm): パッド 21 [CAM_XCLK] - U1 ( F.Cu 上)
[silk_over_copper]: Silkscreen clipped by solder mask
    Local override; warning
    @(14.1484 mm, 5.6894 mm): 矩形 of U1 、F.Silkscreen 上
    @(18.0484 mm, 12.8394 mm): パッド 22 [CAM_VSYNC] - U1 ( F.Cu 上)
[silk_over_copper]: Silkscreen clipped by solder mask
    Local override; warning
    @(14.1484 mm, 5.6894 mm): 矩形 of U1 、F.Silkscreen 上
    @(16.4484 mm, 12.8394 mm): パッド 18 [CAM_D6] - U1 ( F.Cu 上)
[silk_over_copper]: Silkscreen clipped by solder mask
    Local override; warning
    @(14.1484 mm, 5.6894 mm): 矩形 of U1 、F.Silkscreen 上
    @(16.8484 mm, 12.8394 mm): パッド 19 [CAM_D5] - U1 ( F.Cu 上)
[silk_over_copper]: Silkscreen clipped by solder mask
    Local override; warning
    @(14.1484 mm, 5.6894 mm): 矩形 of U1 、F.Silkscreen 上
    @(20.4484 mm, 12.8394 mm): パッド 28 [<no net>] - U1 ( F.Cu 上)
[silk_over_copper]: Silkscreen clipped by solder mask
    Local override; warning
    @(14.1484 mm, 5.6894 mm): 矩形 of U1 、F.Silkscreen 上
    @(19.2484 mm, 12.8394 mm): パッド 25 [USB_DN] - U1 ( F.Cu 上)
[silk_over_copper]: Silkscreen clipped by solder mask
    Local override; warning
    @(14.1484 mm, 5.6894 mm): 矩形 of U1 、F.Silkscreen 上
    @(19.6484 mm, 12.8394 mm): パッド 26 [USB_DP] - U1 ( F.Cu 上)
[silk_over_copper]: Silkscreen clipped by solder mask
    Local override; warning
    @(14.1484 mm, 5.6894 mm): 矩形 of U1 、F.Silkscreen 上
    @(20.0484 mm, 12.8394 mm): パッド 27 [CAM_PWDN] - U1 ( F.Cu 上)
[silk_over_copper]: Silkscreen clipped by solder mask
    Local override; warning
    @(14.1484 mm, 5.6894 mm): 矩形 of U1 、F.Silkscreen 上
    @(18.4484 mm, 12.8394 mm): パッド 23 [CAM_HREF] - U1 ( F.Cu 上)
[silk_over_copper]: Silkscreen clipped by solder mask
    Local override; warning
    @(14.1484 mm, 5.6894 mm): 矩形 of U1 、F.Silkscreen 上
    @(18.8484 mm, 12.8394 mm): パッド 24 [CAM_RESETB] - U1 ( F.Cu 上)
[silk_over_copper]: Silkscreen clipped by solder mask
    Local override; warning
    @(14.1484 mm, 5.6894 mm): 矩形 of U1 、F.Silkscreen 上
    @(15.2484 mm, 12.8394 mm): パッド 15 [CAM_D9] - U1 ( F.Cu 上)
[silk_over_copper]: Silkscreen clipped by solder mask
    Local override; warning
    @(14.1484 mm, 5.6894 mm): 矩形 of U1 、F.Silkscreen 上
    @(15.6484 mm, 12.8394 mm): パッド 16 [CAM_D8] - U1 ( F.Cu 上)
[silk_over_copper]: Silkscreen clipped by solder mask
    Local override; warning
    @(14.1484 mm, 5.6894 mm): 矩形 of U1 、F.Silkscreen 上
    @(16.0484 mm, 12.8394 mm): パッド 17 [CAM_D7] - U1 ( F.Cu 上)
[silk_over_copper]: Silkscreen clipped by solder mask
    Local override; warning
    @(14.1484 mm, 5.6894 mm): 矩形 of U1 、F.Silkscreen 上
    @(14.3984 mm, 6.7894 mm): パッド 1 [LNA_IN] - U1 ( F.Cu 上)
[silk_over_copper]: Silkscreen clipped by solder mask
    Local override; warning
    @(14.1484 mm, 5.6894 mm): 矩形 of U1 、F.Silkscreen 上
    @(14.3984 mm, 7.1894 mm): パッド 2 [3V3] - U1 ( F.Cu 上)
[silk_over_copper]: Silkscreen clipped by solder mask
    Local override; warning
    @(14.1484 mm, 5.6894 mm): 矩形 of U1 、F.Silkscreen 上
    @(14.3984 mm, 8.3894 mm): パッド 5 [GPIO0] - U1 ( F.Cu 上)
[silk_over_copper]: Silkscreen clipped by solder mask
    Local override; warning
    @(14.1484 mm, 5.6894 mm): 矩形 of U1 、F.Silkscreen 上
    @(14.3984 mm, 8.7894 mm): パッド 6 [<no net>] - U1 ( F.Cu 上)
[silk_over_copper]: Silkscreen clipped by solder mask
    Local override; warning
    @(14.1484 mm, 5.6894 mm): 矩形 of U1 、F.Silkscreen 上
    @(14.3984 mm, 9.1894 mm): パッド 7 [<no net>] - U1 ( F.Cu 上)
[silk_over_copper]: Silkscreen clipped by solder mask
    Local override; warning
    @(14.1484 mm, 5.6894 mm): 矩形 of U1 、F.Silkscreen 上
    @(14.3984 mm, 9.5894 mm): パッド 8 [<no net>] - U1 ( F.Cu 上)
[silk_over_copper]: Silkscreen clipped by solder mask
    Local override; warning
    @(14.1484 mm, 5.6894 mm): 矩形 of U1 、F.Silkscreen 上
    @(14.3984 mm, 9.9894 mm): パッド 9 [CHG_DETECT] - U1 ( F.Cu 上)
[silk_over_copper]: Silkscreen clipped by solder mask
    Local override; warning
    @(14.1484 mm, 5.6894 mm): 矩形 of U1 、F.Silkscreen 上
    @(14.3984 mm, 10.7894 mm): パッド 11 [<no net>] - U1 ( F.Cu 上)
[silk_over_copper]: Silkscreen clipped by solder mask
    Local override; warning
    @(14.1484 mm, 5.6894 mm): 矩形 of U1 、F.Silkscreen 上
    @(14.3984 mm, 11.1894 mm): パッド 12 [<no net>] - U1 ( F.Cu 上)
[silk_over_copper]: Silkscreen clipped by solder mask
    Local override; warning
    @(14.1484 mm, 5.6894 mm): 矩形 of U1 、F.Silkscreen 上
    @(14.3984 mm, 11.5894 mm): パッド 13 [CAM_SIOD] - U1 ( F.Cu 上)
[silk_over_copper]: Silkscreen clipped by solder mask
    Local override; warning
    @(14.1484 mm, 5.6894 mm): 矩形 of U1 、F.Silkscreen 上
    @(14.3984 mm, 11.9894 mm): パッド 14 [CAM_SIOC] - U1 ( F.Cu 上)
[silk_over_copper]: Silkscreen clipped by solder mask
    Local override; warning
    @(14.1484 mm, 5.6894 mm): 矩形 of U1 、F.Silkscreen 上
    @(14.3984 mm, 10.3894 mm): パッド 10 [WAKE_BUTTON] - U1 ( F.Cu 上)
[silk_over_copper]: Silkscreen clipped by solder mask
    Local override; warning
    @(14.1484 mm, 5.6894 mm): 矩形 of U1 、F.Silkscreen 上
    @(14.3984 mm, 7.5894 mm): パッド 3 [3V3] - U1 ( F.Cu 上)
[silk_over_copper]: Silkscreen clipped by solder mask
    Local override; warning
    @(14.1484 mm, 5.6894 mm): 矩形 of U1 、F.Silkscreen 上
    @(14.3984 mm, 7.9894 mm): パッド 4 [CHIP_PU] - U1 ( F.Cu 上)
[silk_over_copper]: Silkscreen clipped by solder mask
    Local override; warning
    @(8.9500 mm, 12.6500 mm): 矩形 of U4 、F.Silkscreen 上
    @(9.0000 mm, 12.5000 mm): パッド 1 [3V3] - U4 ( F.Cu 上)
[silk_over_copper]: Silkscreen clipped by solder mask
    Local override; warning
    @(8.9500 mm, 12.6500 mm): 矩形 of U4 、F.Silkscreen 上
    @(9.9500 mm, 12.5000 mm): パッド 2 [GND] - U4 ( F.Cu 上)
[silk_over_copper]: Silkscreen clipped by solder mask
    Local override; warning
    @(8.9500 mm, 12.6500 mm): 矩形 of U4 、F.Silkscreen 上
    @(10.4000 mm, 14.4000 mm): パッド 4 [<no net>] - U4 ( F.Cu 上)
[silk_over_copper]: Silkscreen clipped by solder mask
    Local override; warning
    @(8.9500 mm, 12.6500 mm): 矩形 of U4 、F.Silkscreen 上
    @(9.5000 mm, 14.4000 mm): パッド 5 [2V8] - U4 ( F.Cu 上)
[silk_over_copper]: Silkscreen clipped by solder mask
    Local override; warning
    @(10.9000 mm, 14.5000 mm): C12のリファレンスフィールド
    @(10.4000 mm, 14.4000 mm): パッド 4 [<no net>] - U4 ( F.Cu 上)
[silk_over_copper]: Silkscreen clipped by solder mask
    Local override; warning
    @(26.0000 mm, 15.9000 mm): 基板上のテキスト 'BAT+' ( B.Silkscreen 上)
    @(26.0000 mm, 14.7000 mm): パッド 1 [VBAT] - BAT+ ( B.Cu 上)
[silk_over_copper]: Silkscreen clipped by solder mask
    Local override; warning
    @(4.0000 mm, 2.0000 mm): 矩形 (B.Silkscreen 上)
    @(26.0000 mm, 14.7000 mm): パッド 1 [VBAT] - BAT+ ( B.Cu 上)
[silk_over_copper]: Silkscreen clipped by solder mask
    Local override; warning
    @(4.0000 mm, 2.0000 mm): 矩形 (B.Silkscreen 上)
    @(31.0000 mm, 14.7000 mm): パッド 1 [GND] - BAT- ( B.Cu 上)
[silk_over_copper]: Silkscreen clipped by solder mask
    Local override; warning
    @(31.0000 mm, 15.9000 mm): 基板上のテキスト 'BAT-' ( B.Silkscreen 上)
    @(31.0000 mm, 14.7000 mm): パッド 1 [GND] - BAT- ( B.Cu 上)
[silk_over_copper]: Silkscreen clipped by solder mask
    Local override; warning
    @(31.0000 mm, 15.9000 mm): 基板上のテキスト 'BAT-' ( B.Silkscreen 上)
    @(29.9883 mm, 15.4000 mm): PTHパッド S2 [GND] (J2)

** Found 12 unconnected pads **
[unconnected_items]: Missing connection between items
    Local override; error
    @(0.0000 mm, 0.0000 mm): ゾーン [GND] F.Cu 上, 優先度 0
    @(0.0000 mm, 0.0000 mm): ゾーン [GND] F.Cu 上, 優先度 0
[unconnected_items]: Missing connection between items
    Local override; error
    @(0.0000 mm, 0.0000 mm): ゾーン [GND] F.Cu 上, 優先度 0
    @(0.0000 mm, 0.0000 mm): ゾーン [GND] In1.Cu 上, 優先度 0
[unconnected_items]: Missing connection between items
    Local override; error
    @(0.0000 mm, 0.0000 mm): ゾーン [GND] F.Cu 上, 優先度 0
    @(0.0000 mm, 0.0000 mm): ゾーン [GND] F.Cu 上, 優先度 0
[unconnected_items]: Missing connection between items
    Local override; error
    @(0.0000 mm, 0.0000 mm): ゾーン [GND] F.Cu 上, 優先度 0
    @(0.0000 mm, 0.0000 mm): ゾーン [GND] F.Cu 上, 優先度 0
[unconnected_items]: Missing connection between items
    Local override; error
    @(0.0000 mm, 0.0000 mm): ゾーン [GND] F.Cu 上, 優先度 0
    @(0.0000 mm, 0.0000 mm): ゾーン [GND] F.Cu 上, 優先度 0
[unconnected_items]: Missing connection between items
    Local override; error
    @(0.0000 mm, 0.0000 mm): ゾーン [GND] F.Cu 上, 優先度 0
    @(0.0000 mm, 0.0000 mm): ゾーン [GND] F.Cu 上, 優先度 0
[unconnected_items]: Missing connection between items
    Local override; error
    @(0.0000 mm, 0.0000 mm): ゾーン [GND] F.Cu 上, 優先度 0
    @(0.0000 mm, 0.0000 mm): ゾーン [GND] F.Cu 上, 優先度 0
[unconnected_items]: Missing connection between items
    Local override; error
    @(0.0000 mm, 0.0000 mm): ゾーン [GND] F.Cu 上, 優先度 0
    @(0.0000 mm, 0.0000 mm): ゾーン [GND] F.Cu 上, 優先度 0
[unconnected_items]: Missing connection between items
    Local override; error
    @(0.0000 mm, 0.0000 mm): ゾーン [GND] F.Cu 上, 優先度 0
    @(0.0000 mm, 0.0000 mm): ゾーン [GND] F.Cu 上, 優先度 0
[unconnected_items]: Missing connection between items
    Local override; error
    @(0.0000 mm, 0.0000 mm): ゾーン [GND] F.Cu 上, 優先度 0
    @(0.0000 mm, 0.0000 mm): ゾーン [GND] In1.Cu 上, 優先度 0
[unconnected_items]: Missing connection between items
    Local override; error
    @(0.0000 mm, 0.0000 mm): ゾーン [GND] F.Cu 上, 優先度 0
    @(0.0000 mm, 0.0000 mm): ゾーン [GND] F.Cu 上, 優先度 0
[unconnected_items]: Missing connection between items
    Local override; error
    @(8.9000 mm, 16.6000 mm): ビア [VBAT] (F.Cu - B.Cu 上)
    @(8.5000 mm, 16.1000 mm): 配線 [VBAT] ( B.Cu 上、長さ: 21.3700 mm )

** Found 0 Footprint errors **

** Ignored checks **
    - Footprint has no courtyard defined
    - Track endpoint not centered on via
    - Tuning profile track geometries
    - Footprint doesn't match symbol's footprint filters
    - Footprint component type doesn't match footprint pads

** End of Report **
