** Drc report for CameraIoT_RevF_40x20_ThroughVia_FINAL.kicad_pcb **
** Created on 2026-06-19T18:30:30 **
** Report includes: Errors, Warnings **

** Found 320 DRC violations **
[silk_edge_clearance]: Silkscreen clipped by board edge
    Rule: 基板の設定のシルクスクリーンの制約; warning
    @(39.1000 mm, -0.5000 mm): Segment on Edge.Cuts
    @(19.0000 mm, 19.2000 mm): PCB text 'CameraIoT RevA2 38x18mm - pin/net corrected; route+DRC required' on F.Silkscreen
[silk_edge_clearance]: Silkscreen clipped by board edge
    Rule: 基板の設定のシルクスクリーンの制約; warning
    @(39.1000 mm, -0.5000 mm): Segment on Edge.Cuts
    @(22.0000 mm, 14.7000 mm): PCB text '401230 LiPo (PROTECTED) bottom adhesive - clear of ANT keepout & min overlap under camera' on B.Silkscreen
[lib_footprint_mismatch]: フットプリント 'C_1206_3216Metric' が、ライブラリ 'Capacitor_SMD' のコピーと一致しません
    Local override; warning
    @(24.0000 mm, 11.7000 mm): Footprint C7
[lib_footprint_issues]: 現在の構成にはフットプリント ライブラリ 'CUSTOM' が含まれていません
    Local override; warning
    @(25.7000 mm, 8.7000 mm): Footprint U2
[lib_footprint_issues]: 現在の構成にはフットプリント ライブラリ 'CUSTOM' が含まれていません
    Local override; warning
    @(25.7000 mm, 5.2000 mm): Footprint L1
[lib_footprint_mismatch]: フットプリント 'C_0402_1005Metric' が、ライブラリ 'Capacitor_SMD' のコピーと一致しません
    Local override; warning
    @(34.3000 mm, 14.6000 mm): Footprint C2
[lib_footprint_mismatch]: フットプリント 'C_0603_1608Metric' が、ライブラリ 'Capacitor_SMD' のコピーと一致しません
    Local override; warning
    @(32.7000 mm, 9.9500 mm): Footprint C9
[lib_footprint_mismatch]: フットプリント 'C_0603_1608Metric' が、ライブラリ 'Capacitor_SMD' のコピーと一致しません
    Local override; warning
    @(18.7500 mm, 14.0000 mm): Footprint C16
[lib_footprint_mismatch]: フットプリント 'C_0603_1608Metric' が、ライブラリ 'Capacitor_SMD' のコピーと一致しません
    Local override; warning
    @(7.0000 mm, 12.5000 mm): Footprint C10
[lib_footprint_mismatch]: フットプリント 'R_0402_1005Metric' が、ライブラリ 'Resistor_SMD' のコピーと一致しません
    Local override; warning
    @(8.0500 mm, 11.0000 mm): Footprint R6
[lib_footprint_mismatch]: フットプリント 'R_0402_1005Metric' が、ライブラリ 'Resistor_SMD' のコピーと一致しません
    Local override; warning
    @(32.7500 mm, 15.7000 mm): Footprint L2
[lib_footprint_issues]: 現在の構成にはフットプリント ライブラリ 'CUSTOM' が含まれていません
    Local override; warning
    @(37.5000 mm, 18.0000 mm): Footprint MH4
[lib_footprint_issues]: 現在の構成にはフットプリント ライブラリ 'CUSTOM' が含まれていません
    Local override; warning
    @(3.4000 mm, 3.2000 mm): Footprint SW1
[lib_footprint_mismatch]: フットプリント 'C_0603_1608Metric' が、ライブラリ 'Capacitor_SMD' のコピーと一致しません
    Local override; warning
    @(30.3000 mm, 9.9500 mm): Footprint C8
[lib_footprint_mismatch]: フットプリント 'C_0603_1608Metric' が、ライブラリ 'Capacitor_SMD' のコピーと一致しません
    Local override; warning
    @(27.9500 mm, 6.9000 mm): Footprint C5
[lib_footprint_mismatch]: フットプリント 'SOT-23-5' が、ライブラリ 'Package_TO_SOT_SMD' のコピーと一致しません
    Local override; warning
    @(9.9500 mm, 13.4500 mm): Footprint U4
[lib_footprint_issues]: 現在の構成にはフットプリント ライブラリ 'CUSTOM' が含まれていません
    Local override; warning
    @(37.5000 mm, 1.5000 mm): Footprint MH2
[lib_footprint_issues]: 現在の構成にはフットプリント ライブラリ 'CUSTOM' が含まれていません
    Local override; warning
    @(1.5000 mm, 18.0000 mm): Footprint MH3
[lib_footprint_issues]: 現在の構成にはフットプリント ライブラリ 'CUSTOM' が含まれていません
    Local override; warning
    @(35.8000 mm, 15.7000 mm): Footprint ANT1
[lib_footprint_mismatch]: フットプリント 'LED_0603_1608Metric' が、ライブラリ 'LED_SMD' のコピーと一致しません
    Local override; warning
    @(5.2000 mm, 16.5000 mm): Footprint LED1
[lib_footprint_issues]: 現在の構成にはフットプリント ライブラリ 'CUSTOM' が含まれていません
    Local override; warning
    @(17.8000 mm, 9.2500 mm): Footprint U1
[lib_footprint_mismatch]: フットプリント 'C_0603_1608Metric' が、ライブラリ 'Capacitor_SMD' のコピーと一致しません
    Local override; warning
    @(27.9500 mm, 9.4000 mm): Footprint C6
[lib_footprint_mismatch]: フットプリント 'C_0603_1608Metric' が、ライブラリ 'Capacitor_SMD' のコピーと一致しません
    Local override; warning
    @(23.3000 mm, 7.0000 mm): Footprint C4
[lib_footprint_mismatch]: フットプリント 'C_0402_1005Metric' が、ライブラリ 'Capacitor_SMD' のコピーと一致しません
    Local override; warning
    @(15.1000 mm, 15.5000 mm): Footprint C13
[lib_footprint_mismatch]: フットプリント 'C_0402_1005Metric' が、ライブラリ 'Capacitor_SMD' のコピーと一致しません
    Local override; warning
    @(31.8000 mm, 14.6000 mm): Footprint C1
[lib_footprint_mismatch]: フットプリント 'R_0402_1005Metric' が、ライブラリ 'Resistor_SMD' のコピーと一致しません
    Local override; warning
    @(20.7500 mm, 3.2000 mm): Footprint R4
[lib_footprint_mismatch]: フットプリント 'C_0402_1005Metric' が、ライブラリ 'Capacitor_SMD' のコピーと一致しません
    Local override; warning
    @(22.7000 mm, 9.2500 mm): Footprint C17
[lib_footprint_mismatch]: フットプリント 'C_0603_1608Metric' が、ライブラリ 'Capacitor_SMD' のコピーと一致しません
    Local override; warning
    @(12.5000 mm, 11.5000 mm): Footprint C11
[lib_footprint_mismatch]: フットプリント 'C_0402_1005Metric' が、ライブラリ 'Capacitor_SMD' のコピーと一致しません
    Local override; warning
    @(16.0500 mm, 14.0000 mm): Footprint C15
[lib_footprint_mismatch]: フットプリント 'R_0402_1005Metric' が、ライブラリ 'Resistor_SMD' のコピーと一致しません
    Local override; warning
    @(20.9000 mm, 14.0000 mm): Footprint R7
[lib_footprint_mismatch]: フットプリント 'R_0402_1005Metric' が、ライブラリ 'Resistor_SMD' のコピーと一致しません
    Local override; warning
    @(3.1000 mm, 14.8000 mm): Footprint R3
[lib_footprint_mismatch]: フットプリント 'C_0402_1005Metric' が、ライブラリ 'Capacitor_SMD' のコピーと一致しません
    Local override; warning
    @(10.9000 mm, 15.5000 mm): Footprint C12
[lib_footprint_mismatch]: フットプリント 'C_0402_1005Metric' が、ライブラリ 'Capacitor_SMD' のコピーと一致しません
    Local override; warning
    @(22.0500 mm, 5.5000 mm): Footprint C14
[lib_footprint_mismatch]: フットプリント 'C_0402_1005Metric' が、ライブラリ 'Capacitor_SMD' のコピーと一致しません
    Local override; warning
    @(22.0000 mm, 3.2000 mm): Footprint C3
[lib_footprint_mismatch]: フットプリント 'R_0402_1005Metric' が、ライブラリ 'Resistor_SMD' のコピーと一致しません
    Local override; warning
    @(6.2000 mm, 11.0000 mm): Footprint R5
[lib_footprint_mismatch]: フットプリント 'R_0402_1005Metric' が、ライブラリ 'Resistor_SMD' のコピーと一致しません
    Local override; warning
    @(30.0000 mm, 2.7000 mm): Footprint R9
[lib_footprint_mismatch]: フットプリント 'SOT-23-5' が、ライブラリ 'Package_TO_SOT_SMD' のコピーと一致しません
    Local override; warning
    @(30.3000 mm, 8.0500 mm): Footprint U3
[lib_footprint_mismatch]: フットプリント 'R_0402_1005Metric' が、ライブラリ 'Resistor_SMD' のコピーと一致しません
    Local override; warning
    @(30.3000 mm, 6.0000 mm): Footprint R1
[lib_footprint_issues]: 現在の構成にはフットプリント ライブラリ 'CUSTOM' が含まれていません
    Local override; warning
    @(1.5000 mm, 1.5000 mm): Footprint MH1
[lib_footprint_mismatch]: フットプリント 'SOT-23-5' が、ライブラリ 'Package_TO_SOT_SMD' のコピーと一致しません
    Local override; warning
    @(13.0500 mm, 14.5500 mm): Footprint U5
[lib_footprint_mismatch]: フットプリント 'R_0402_1005Metric' が、ライブラリ 'Resistor_SMD' のコピーと一致しません
    Local override; warning
    @(28.6000 mm, 2.7000 mm): Footprint R8
[lib_footprint_issues]: 現在の構成にはフットプリント ライブラリ 'CUSTOM' が含まれていません
    Local override; warning
    @(6.8000 mm, 7.2000 mm): Footprint J1
[lib_footprint_issues]: 現在の構成にはフットプリント ライブラリ 'CUSTOM' が含まれていません
    Local override; warning
    @(20.0000 mm, 1.0000 mm): Footprint TP5
[lib_footprint_issues]: 現在の構成にはフットプリント ライブラリ 'CUSTOM' が含まれていません
    Local override; warning
    @(9.0000 mm, 1.0000 mm): Footprint TP2
[lib_footprint_issues]: 現在の構成にはフットプリント ライブラリ 'CUSTOM' が含まれていません
    Local override; warning
    @(5.0000 mm, 1.0000 mm): Footprint TP1
[lib_footprint_issues]: 現在の構成にはフットプリント ライブラリ 'CUSTOM' が含まれていません
    Local override; warning
    @(26.6000 mm, 1.0000 mm): Footprint TP7
[lib_footprint_issues]: 現在の構成にはフットプリント ライブラリ 'CUSTOM' が含まれていません
    Local override; warning
    @(26.0000 mm, 14.7000 mm): Footprint BAT+
[lib_footprint_issues]: 現在の構成にはフットプリント ライブラリ 'CUSTOM' が含まれていません
    Local override; warning
    @(31.0000 mm, 14.7000 mm): Footprint BAT-
[lib_footprint_issues]: 現在の構成にはフットプリント ライブラリ 'CUSTOM' が含まれていません
    Local override; warning
    @(13.0000 mm, 1.0000 mm): Footprint TP3
[lib_footprint_issues]: 現在の構成にはフットプリント ライブラリ 'CUSTOM' が含まれていません
    Local override; warning
    @(29.9000 mm, 1.0000 mm): Footprint TP8
[lib_footprint_issues]: 現在の構成にはフットプリント ライブラリ 'CUSTOM' が含まれていません
    Local override; warning
    @(33.2000 mm, 1.0000 mm): Footprint TP9
[lib_footprint_issues]: 現在の構成にはフットプリント ライブラリ 'CUSTOM' が含まれていません
    Local override; warning
    @(23.3000 mm, 1.0000 mm): Footprint TP6
[lib_footprint_issues]: 現在の構成にはフットプリント ライブラリ 'CUSTOM' が含まれていません
    Local override; warning
    @(17.0000 mm, 1.0000 mm): Footprint TP4
[text_thickness]: 文字の太さが許容範囲外 (基板の設定のシルク印刷のテキストの太さの制約 最小幅 0.0800 mm; 現状 0.0700 mm)
    Rule: 基板の設定のシルク印刷のテキストの太さの制約; warning
    @(22.0000 mm, 14.7000 mm): PCB text '401230 LiPo (PROTECTED) bottom adhesive - clear of ANT keepout & min overlap under camera' on B.Silkscreen
[text_height]: 文字の高さが許容範囲外 (基板の設定のシルク印刷のテキスト高の制約 最小高さ 0.8000 mm; 現状 0.5000 mm)
    Rule: 基板の設定のシルク印刷のテキスト高の制約; warning
    @(22.0000 mm, 14.7000 mm): PCB text '401230 LiPo (PROTECTED) bottom adhesive - clear of ANT keepout & min overlap under camera' on B.Silkscreen
[text_height]: 文字の高さが許容範囲外 (基板の設定のシルク印刷のテキスト高の制約 最小高さ 0.8000 mm; 現状 0.6000 mm)
    Rule: 基板の設定のシルク印刷のテキスト高の制約; warning
    @(24.0000 mm, 9.9000 mm): Reference field of C7
[text_height]: 文字の高さが許容範囲外 (基板の設定のシルク印刷のテキスト高の制約 最小高さ 0.8000 mm; 現状 0.6000 mm)
    Rule: 基板の設定のシルク印刷のテキスト高の制約; warning
    @(25.7000 mm, 6.9000 mm): Reference field of U2
[text_height]: 文字の高さが許容範囲外 (基板の設定のシルク印刷のテキスト高の制約 最小高さ 0.8000 mm; 現状 0.6000 mm)
    Rule: 基板の設定のシルク印刷のテキスト高の制約; warning
    @(25.7000 mm, 3.4000 mm): Reference field of L1
[text_height]: 文字の高さが許容範囲外 (基板の設定のシルク印刷のテキスト高の制約 最小高さ 0.8000 mm; 現状 0.6000 mm)
    Rule: 基板の設定のシルク印刷のテキスト高の制約; warning
    @(34.3000 mm, 12.8000 mm): Reference field of C2
[text_height]: 文字の高さが許容範囲外 (基板の設定のシルク印刷のテキスト高の制約 最小高さ 0.8000 mm; 現状 0.6000 mm)
    Rule: 基板の設定のシルク印刷のテキスト高の制約; warning
    @(32.7000 mm, 8.1500 mm): Reference field of C9
[text_height]: 文字の高さが許容範囲外 (基板の設定のシルク印刷のテキスト高の制約 最小高さ 0.8000 mm; 現状 0.6000 mm)
    Rule: 基板の設定のシルク印刷のテキスト高の制約; warning
    @(18.7500 mm, 12.2000 mm): Reference field of C16
[text_height]: 文字の高さが許容範囲外 (基板の設定のシルク印刷のテキスト高の制約 最小高さ 0.8000 mm; 現状 0.6000 mm)
    Rule: 基板の設定のシルク印刷のテキスト高の制約; warning
    @(7.0000 mm, 10.7000 mm): Reference field of C10
[text_height]: 文字の高さが許容範囲外 (基板の設定のシルク印刷のテキスト高の制約 最小高さ 0.8000 mm; 現状 0.6000 mm)
    Rule: 基板の設定のシルク印刷のテキスト高の制約; warning
    @(8.0500 mm, 9.2000 mm): Reference field of R6
[text_height]: 文字の高さが許容範囲外 (基板の設定のシルク印刷のテキスト高の制約 最小高さ 0.8000 mm; 現状 0.6000 mm)
    Rule: 基板の設定のシルク印刷のテキスト高の制約; warning
    @(30.9500 mm, 15.7000 mm): Reference field of L2
[text_thickness]: 文字の太さが許容範囲外 (基板の設定のシルク印刷のテキストの太さの制約 最小幅 0.0800 mm; 現状 0.0600 mm)
    Rule: 基板の設定のシルク印刷のテキストの太さの制約; warning
    @(37.5000 mm, 17.0000 mm): Reference field of MH4
[text_height]: 文字の高さが許容範囲外 (基板の設定のシルク印刷のテキスト高の制約 最小高さ 0.8000 mm; 現状 0.4000 mm)
    Rule: 基板の設定のシルク印刷のテキスト高の制約; warning
    @(37.5000 mm, 17.0000 mm): Reference field of MH4
[text_height]: 文字の高さが許容範囲外 (基板の設定のシルク印刷のテキスト高の制約 最小高さ 0.8000 mm; 現状 0.6000 mm)
    Rule: 基板の設定のシルク印刷のテキスト高の制約; warning
    @(3.4000 mm, 1.4000 mm): Reference field of SW1
[text_height]: 文字の高さが許容範囲外 (基板の設定のシルク印刷のテキスト高の制約 最小高さ 0.8000 mm; 現状 0.6000 mm)
    Rule: 基板の設定のシルク印刷のテキスト高の制約; warning
    @(30.3000 mm, 8.1500 mm): Reference field of C8
[text_height]: 文字の高さが許容範囲外 (基板の設定のシルク印刷のテキスト高の制約 最小高さ 0.8000 mm; 現状 0.6000 mm)
    Rule: 基板の設定のシルク印刷のテキスト高の制約; warning
    @(26.1500 mm, 6.9000 mm): Reference field of C5
[text_height]: 文字の高さが許容範囲外 (基板の設定のシルク印刷のテキスト高の制約 最小高さ 0.8000 mm; 現状 0.6000 mm)
    Rule: 基板の設定のシルク印刷のテキスト高の制約; warning
    @(9.9500 mm, 11.6500 mm): Reference field of U4
[text_thickness]: 文字の太さが許容範囲外 (基板の設定のシルク印刷のテキストの太さの制約 最小幅 0.0800 mm; 現状 0.0600 mm)
    Rule: 基板の設定のシルク印刷のテキストの太さの制約; warning
    @(37.5000 mm, 0.5000 mm): Reference field of MH2
[text_height]: 文字の高さが許容範囲外 (基板の設定のシルク印刷のテキスト高の制約 最小高さ 0.8000 mm; 現状 0.4000 mm)
    Rule: 基板の設定のシルク印刷のテキスト高の制約; warning
    @(37.5000 mm, 0.5000 mm): Reference field of MH2
[text_thickness]: 文字の太さが許容範囲外 (基板の設定のシルク印刷のテキストの太さの制約 最小幅 0.0800 mm; 現状 0.0600 mm)
    Rule: 基板の設定のシルク印刷のテキストの太さの制約; warning
    @(1.5000 mm, 17.0000 mm): Reference field of MH3
[text_height]: 文字の高さが許容範囲外 (基板の設定のシルク印刷のテキスト高の制約 最小高さ 0.8000 mm; 現状 0.4000 mm)
    Rule: 基板の設定のシルク印刷のテキスト高の制約; warning
    @(1.5000 mm, 17.0000 mm): Reference field of MH3
[text_height]: 文字の高さが許容範囲外 (基板の設定のシルク印刷のテキスト高の制約 最小高さ 0.8000 mm; 現状 0.6000 mm)
    Rule: 基板の設定のシルク印刷のテキスト高の制約; warning
    @(34.0000 mm, 15.7000 mm): Reference field of ANT1
[text_height]: 文字の高さが許容範囲外 (基板の設定のシルク印刷のテキスト高の制約 最小高さ 0.8000 mm; 現状 0.6000 mm)
    Rule: 基板の設定のシルク印刷のテキスト高の制約; warning
    @(5.2000 mm, 14.7000 mm): Reference field of LED1
[text_height]: 文字の高さが許容範囲外 (基板の設定のシルク印刷のテキスト高の制約 最小高さ 0.8000 mm; 現状 0.6000 mm)
    Rule: 基板の設定のシルク印刷のテキスト高の制約; warning
    @(17.8000 mm, 4.8500 mm): Reference field of U1
[text_thickness]: 文字の太さが許容範囲外 (基板の設定のシルク印刷のテキストの太さの制約 最小幅 0.0800 mm; 現状 0.0600 mm)
    Rule: 基板の設定のシルク印刷のテキストの太さの制約; warning
    @(13.8500 mm, 4.8500 mm): Footprint text of U1 (PIN1)
[text_height]: 文字の高さが許容範囲外 (基板の設定のシルク印刷のテキスト高の制約 最小高さ 0.8000 mm; 現状 0.4000 mm)
    Rule: 基板の設定のシルク印刷のテキスト高の制約; warning
    @(13.8500 mm, 4.8500 mm): Footprint text of U1 (PIN1)
[text_height]: 文字の高さが許容範囲外 (基板の設定のシルク印刷のテキスト高の制約 最小高さ 0.8000 mm; 現状 0.6000 mm)
    Rule: 基板の設定のシルク印刷のテキスト高の制約; warning
    @(26.1500 mm, 9.4000 mm): Reference field of C6
[text_height]: 文字の高さが許容範囲外 (基板の設定のシルク印刷のテキスト高の制約 最小高さ 0.8000 mm; 現状 0.6000 mm)
    Rule: 基板の設定のシルク印刷のテキスト高の制約; warning
    @(21.5000 mm, 7.0000 mm): Reference field of C4
[text_height]: 文字の高さが許容範囲外 (基板の設定のシルク印刷のテキスト高の制約 最小高さ 0.8000 mm; 現状 0.6000 mm)
    Rule: 基板の設定のシルク印刷のテキスト高の制約; warning
    @(15.1000 mm, 13.7000 mm): Reference field of C13
[text_height]: 文字の高さが許容範囲外 (基板の設定のシルク印刷のテキスト高の制約 最小高さ 0.8000 mm; 現状 0.6000 mm)
    Rule: 基板の設定のシルク印刷のテキスト高の制約; warning
    @(31.8000 mm, 12.8000 mm): Reference field of C1
[text_height]: 文字の高さが許容範囲外 (基板の設定のシルク印刷のテキスト高の制約 最小高さ 0.8000 mm; 現状 0.6000 mm)
    Rule: 基板の設定のシルク印刷のテキスト高の制約; warning
    @(20.7500 mm, 1.4000 mm): Reference field of R4
[text_height]: 文字の高さが許容範囲外 (基板の設定のシルク印刷のテキスト高の制約 最小高さ 0.8000 mm; 現状 0.6000 mm)
    Rule: 基板の設定のシルク印刷のテキスト高の制約; warning
    @(22.7000 mm, 7.4500 mm): Reference field of C17
[text_height]: 文字の高さが許容範囲外 (基板の設定のシルク印刷のテキスト高の制約 最小高さ 0.8000 mm; 現状 0.6000 mm)
    Rule: 基板の設定のシルク印刷のテキスト高の制約; warning
    @(12.5000 mm, 9.7000 mm): Reference field of C11
[text_height]: 文字の高さが許容範囲外 (基板の設定のシルク印刷のテキスト高の制約 最小高さ 0.8000 mm; 現状 0.6000 mm)
    Rule: 基板の設定のシルク印刷のテキスト高の制約; warning
    @(16.0500 mm, 12.2000 mm): Reference field of C15
[text_height]: 文字の高さが許容範囲外 (基板の設定のシルク印刷のテキスト高の制約 最小高さ 0.8000 mm; 現状 0.6000 mm)
    Rule: 基板の設定のシルク印刷のテキスト高の制約; warning
    @(20.9000 mm, 12.2000 mm): Reference field of R7
[text_height]: 文字の高さが許容範囲外 (基板の設定のシルク印刷のテキスト高の制約 最小高さ 0.8000 mm; 現状 0.6000 mm)
    Rule: 基板の設定のシルク印刷のテキスト高の制約; warning
    @(3.1000 mm, 13.0000 mm): Reference field of R3
[text_height]: 文字の高さが許容範囲外 (基板の設定のシルク印刷のテキスト高の制約 最小高さ 0.8000 mm; 現状 0.6000 mm)
    Rule: 基板の設定のシルク印刷のテキスト高の制約; warning
    @(10.9000 mm, 13.7000 mm): Reference field of C12
[text_height]: 文字の高さが許容範囲外 (基板の設定のシルク印刷のテキスト高の制約 最小高さ 0.8000 mm; 現状 0.6000 mm)
    Rule: 基板の設定のシルク印刷のテキスト高の制約; warning
    @(22.0500 mm, 3.7000 mm): Reference field of C14
[text_height]: 文字の高さが許容範囲外 (基板の設定のシルク印刷のテキスト高の制約 最小高さ 0.8000 mm; 現状 0.6000 mm)
    Rule: 基板の設定のシルク印刷のテキスト高の制約; warning
    @(22.0000 mm, 1.4000 mm): Reference field of C3
[text_height]: 文字の高さが許容範囲外 (基板の設定のシルク印刷のテキスト高の制約 最小高さ 0.8000 mm; 現状 0.6000 mm)
    Rule: 基板の設定のシルク印刷のテキスト高の制約; warning
    @(6.2000 mm, 9.2000 mm): Reference field of R5
[text_height]: 文字の高さが許容範囲外 (基板の設定のシルク印刷のテキスト高の制約 最小高さ 0.8000 mm; 現状 0.6000 mm)
    Rule: 基板の設定のシルク印刷のテキスト高の制約; warning
    @(30.0000 mm, 0.9000 mm): Reference field of R9
[text_height]: 文字の高さが許容範囲外 (基板の設定のシルク印刷のテキスト高の制約 最小高さ 0.8000 mm; 現状 0.6000 mm)
    Rule: 基板の設定のシルク印刷のテキスト高の制約; warning
    @(30.3000 mm, 6.2500 mm): Reference field of U3
[text_height]: 文字の高さが許容範囲外 (基板の設定のシルク印刷のテキスト高の制約 最小高さ 0.8000 mm; 現状 0.6000 mm)
    Rule: 基板の設定のシルク印刷のテキスト高の制約; warning
    @(30.3000 mm, 4.2000 mm): Reference field of R1
[text_thickness]: 文字の太さが許容範囲外 (基板の設定のシルク印刷のテキストの太さの制約 最小幅 0.0800 mm; 現状 0.0600 mm)
    Rule: 基板の設定のシルク印刷のテキストの太さの制約; warning
    @(1.5000 mm, 0.5000 mm): Reference field of MH1
[text_height]: 文字の高さが許容範囲外 (基板の設定のシルク印刷のテキスト高の制約 最小高さ 0.8000 mm; 現状 0.4000 mm)
    Rule: 基板の設定のシルク印刷のテキスト高の制約; warning
    @(1.5000 mm, 0.5000 mm): Reference field of MH1
[text_height]: 文字の高さが許容範囲外 (基板の設定のシルク印刷のテキスト高の制約 最小高さ 0.8000 mm; 現状 0.6000 mm)
    Rule: 基板の設定のシルク印刷のテキスト高の制約; warning
    @(13.0500 mm, 12.7500 mm): Reference field of U5
[text_height]: 文字の高さが許容範囲外 (基板の設定のシルク印刷のテキスト高の制約 最小高さ 0.8000 mm; 現状 0.6000 mm)
    Rule: 基板の設定のシルク印刷のテキスト高の制約; warning
    @(28.6000 mm, 0.9000 mm): Reference field of R8
[text_height]: 文字の高さが許容範囲外 (基板の設定のシルク印刷のテキスト高の制約 最小高さ 0.8000 mm; 現状 0.6000 mm)
    Rule: 基板の設定のシルク印刷のテキスト高の制約; warning
    @(6.8000 mm, 9.0000 mm): Reference field of J1
[text_height]: 文字の高さが許容範囲外 (基板の設定のシルク印刷のテキスト高の制約 最小高さ 0.8000 mm; 現状 0.5000 mm)
    Rule: 基板の設定のシルク印刷のテキスト高の制約; warning
    @(20.0000 mm, -0.1000 mm): Reference field of TP5
[text_height]: 文字の高さが許容範囲外 (基板の設定のシルク印刷のテキスト高の制約 最小高さ 0.8000 mm; 現状 0.5000 mm)
    Rule: 基板の設定のシルク印刷のテキスト高の制約; warning
    @(9.0000 mm, -0.1000 mm): Reference field of TP2
[text_height]: 文字の高さが許容範囲外 (基板の設定のシルク印刷のテキスト高の制約 最小高さ 0.8000 mm; 現状 0.5000 mm)
    Rule: 基板の設定のシルク印刷のテキスト高の制約; warning
    @(5.0000 mm, -0.1000 mm): Reference field of TP1
[text_height]: 文字の高さが許容範囲外 (基板の設定のシルク印刷のテキスト高の制約 最小高さ 0.8000 mm; 現状 0.5000 mm)
    Rule: 基板の設定のシルク印刷のテキスト高の制約; warning
    @(26.6000 mm, -0.1000 mm): Reference field of TP7
[text_height]: 文字の高さが許容範囲外 (基板の設定のシルク印刷のテキスト高の制約 最小高さ 0.8000 mm; 現状 0.5000 mm)
    Rule: 基板の設定のシルク印刷のテキスト高の制約; warning
    @(26.0000 mm, 13.7000 mm): Reference field of BAT+
[text_height]: 文字の高さが許容範囲外 (基板の設定のシルク印刷のテキスト高の制約 最小高さ 0.8000 mm; 現状 0.5000 mm)
    Rule: 基板の設定のシルク印刷のテキスト高の制約; warning
    @(31.0000 mm, 13.7000 mm): Reference field of BAT-
[text_height]: 文字の高さが許容範囲外 (基板の設定のシルク印刷のテキスト高の制約 最小高さ 0.8000 mm; 現状 0.5000 mm)
    Rule: 基板の設定のシルク印刷のテキスト高の制約; warning
    @(13.0000 mm, -0.1000 mm): Reference field of TP3
[text_height]: 文字の高さが許容範囲外 (基板の設定のシルク印刷のテキスト高の制約 最小高さ 0.8000 mm; 現状 0.5000 mm)
    Rule: 基板の設定のシルク印刷のテキスト高の制約; warning
    @(29.9000 mm, -0.1000 mm): Reference field of TP8
[text_height]: 文字の高さが許容範囲外 (基板の設定のシルク印刷のテキスト高の制約 最小高さ 0.8000 mm; 現状 0.5000 mm)
    Rule: 基板の設定のシルク印刷のテキスト高の制約; warning
    @(33.2000 mm, -0.1000 mm): Reference field of TP9
[text_height]: 文字の高さが許容範囲外 (基板の設定のシルク印刷のテキスト高の制約 最小高さ 0.8000 mm; 現状 0.5000 mm)
    Rule: 基板の設定のシルク印刷のテキスト高の制約; warning
    @(23.3000 mm, -0.1000 mm): Reference field of TP6
[text_height]: 文字の高さが許容範囲外 (基板の設定のシルク印刷のテキスト高の制約 最小高さ 0.8000 mm; 現状 0.5000 mm)
    Rule: 基板の設定のシルク印刷のテキスト高の制約; warning
    @(17.0000 mm, -0.1000 mm): Reference field of TP4
[silk_overlap]: Silkscreen clearance
    Rule: 基板の設定のシルクスクリーンの制約; warning
    @(15.0500 mm, 13.2000 mm): Rectangle of C15 on F.Silkscreen
    @(14.1000 mm, 14.7000 mm): Rectangle of C13 on F.Silkscreen
[silk_overlap]: Silkscreen clearance
    Rule: 基板の設定のシルクスクリーンの制約; warning
    @(15.1000 mm, 13.7000 mm): Reference field of C13
    @(15.0500 mm, 13.2000 mm): Rectangle of C15 on F.Silkscreen
[silk_overlap]: Silkscreen clearance
    Rule: 基板の設定のシルクスクリーンの制約; warning
    @(7.0500 mm, 10.2000 mm): Rectangle of R6 on F.Silkscreen
    @(7.0000 mm, 10.7000 mm): Reference field of C10
[silk_overlap]: Silkscreen clearance
    Rule: 基板の設定のシルクスクリーンの制約; warning
    @(5.2000 mm, 10.2000 mm): Rectangle of R5 on F.Silkscreen
    @(7.0000 mm, 10.7000 mm): Reference field of C10
[silk_overlap]: Silkscreen clearance
    Rule: 基板の設定のシルクスクリーンの制約; warning
    @(7.0500 mm, 10.2000 mm): Rectangle of R6 on F.Silkscreen
    @(5.2000 mm, 10.2000 mm): Rectangle of R5 on F.Silkscreen
[silk_overlap]: Silkscreen clearance
    Rule: 基板の設定のシルクスクリーンの制約; warning
    @(7.0500 mm, 10.2000 mm): Rectangle of R6 on F.Silkscreen
    @(6.0000 mm, 11.7000 mm): Rectangle of C10 on F.Silkscreen
[silk_overlap]: Silkscreen clearance
    Rule: 基板の設定のシルクスクリーンの制約; warning
    @(5.2000 mm, 10.2000 mm): Rectangle of R5 on F.Silkscreen
    @(6.0000 mm, 11.7000 mm): Rectangle of C10 on F.Silkscreen
[silk_overlap]: Silkscreen clearance
    Rule: 基板の設定のシルクスクリーンの制約; warning
    @(10.9000 mm, 13.7000 mm): Reference field of C12
    @(8.9500 mm, 12.6500 mm): Rectangle of U4 on F.Silkscreen
[silk_overlap]: Silkscreen clearance
    Rule: 基板の設定のシルクスクリーンの制約; warning
    @(6.8000 mm, 9.0000 mm): Reference field of J1
    @(6.2000 mm, 9.2000 mm): Reference field of R5
[silk_overlap]: Silkscreen clearance
    Rule: 基板の設定のシルクスクリーンの制約; warning
    @(19.7500 mm, 2.4000 mm): Rectangle of R4 on F.Silkscreen
    @(21.0000 mm, 2.4000 mm): Rectangle of C3 on F.Silkscreen
[silk_overlap]: Silkscreen clearance
    Rule: 基板の設定のシルクスクリーンの制約; warning
    @(19.7500 mm, 2.4000 mm): Rectangle of R4 on F.Silkscreen
    @(22.0500 mm, 3.7000 mm): Reference field of C14
[silk_overlap]: Silkscreen clearance
    Rule: 基板の設定のシルクスクリーンの制約; warning
    @(13.8500 mm, 5.3000 mm): Circle of U1 on F.Silkscreen
    @(13.8000 mm, 8.7000 mm): Rectangle of J1 on F.Silkscreen
[silk_overlap]: Silkscreen clearance
    Rule: 基板の設定のシルクスクリーンの制約; warning
    @(21.0500 mm, 4.7000 mm): Rectangle of C14 on F.Silkscreen
    @(14.1000 mm, 5.5500 mm): Rectangle of U1 on F.Silkscreen
[silk_overlap]: Silkscreen clearance
    Rule: 基板の設定のシルクスクリーンの制約; warning
    @(6.8000 mm, 9.0000 mm): Reference field of J1
    @(13.8000 mm, 8.7000 mm): Rectangle of J1 on F.Silkscreen
[silk_overlap]: Silkscreen clearance
    Rule: 基板の設定のシルクスクリーンの制約; warning
[silk_overlap]: Silkscreen clearance
    Rule: 基板の設定のシルクスクリーンの制約; warning
    @(30.8000 mm, 13.8000 mm): Rectangle of C1 on F.Silkscreen
    @(30.9500 mm, 15.7000 mm): Reference field of L2
[silk_overlap]: Silkscreen clearance
    Rule: 基板の設定のシルクスクリーンの制約; warning
    @(31.9500 mm, 16.7000 mm): Rectangle of L2 on F.Silkscreen
[silk_overlap]: Silkscreen clearance
    Rule: 基板の設定のシルクスクリーンの制約; warning
    @(31.9500 mm, 16.7000 mm): Rectangle of L2 on F.Silkscreen
    @(30.8000 mm, 13.8000 mm): Rectangle of C1 on F.Silkscreen
[silk_overlap]: Silkscreen clearance
    Rule: 基板の設定のシルクスクリーンの制約; warning
    @(34.0000 mm, 15.7000 mm): Reference field of ANT1
    @(31.9500 mm, 16.7000 mm): Rectangle of L2 on F.Silkscreen
[silk_overlap]: Silkscreen clearance
    Rule: 基板の設定のシルクスクリーンの制約; warning
    @(33.3000 mm, 13.8000 mm): Rectangle of C2 on F.Silkscreen
    @(31.9500 mm, 16.7000 mm): Rectangle of L2 on F.Silkscreen
[silk_overlap]: Silkscreen clearance
    Rule: 基板の設定のシルクスクリーンの制約; warning
    @(34.0000 mm, 15.7000 mm): Reference field of ANT1
[silk_overlap]: Silkscreen clearance
    Rule: 基板の設定のシルクスクリーンの制約; warning
    @(33.3000 mm, 13.8000 mm): Rectangle of C2 on F.Silkscreen
    @(35.0000 mm, 16.7000 mm): Rectangle of ANT1 on F.Silkscreen
[silk_overlap]: Silkscreen clearance
    Rule: 基板の設定のシルクスクリーンの制約; warning
    @(34.0000 mm, 15.7000 mm): Reference field of ANT1
    @(33.3000 mm, 13.8000 mm): Rectangle of C2 on F.Silkscreen
[silk_overlap]: Silkscreen clearance
    Rule: 基板の設定のシルクスクリーンの制約; warning
    @(34.0000 mm, 15.7000 mm): Reference field of ANT1
    @(35.0000 mm, 16.7000 mm): Rectangle of ANT1 on F.Silkscreen
[silk_overlap]: Silkscreen clearance
    Rule: 基板の設定のシルクスクリーンの制約; warning
    @(24.0000 mm, 9.9000 mm): Reference field of C7
    @(21.7000 mm, 8.4500 mm): Rectangle of C17 on F.Silkscreen
[silk_overlap]: Silkscreen clearance
    Rule: 基板の設定のシルクスクリーンの制約; warning
    @(26.1500 mm, 6.9000 mm): Reference field of C5
    @(25.7000 mm, 6.9000 mm): Reference field of U2
[silk_overlap]: Silkscreen clearance
    Rule: 基板の設定のシルクスクリーンの制約; warning
    @(21.0500 mm, 4.7000 mm): Rectangle of C14 on F.Silkscreen
    @(22.5000 mm, 8.0000 mm): Rectangle of C4 on F.Silkscreen
[silk_overlap]: Silkscreen clearance
    Rule: 基板の設定のシルクスクリーンの制約; warning
    @(22.7000 mm, 7.4500 mm): Reference field of C17
    @(22.5000 mm, 8.0000 mm): Rectangle of C4 on F.Silkscreen
[silk_overlap]: Silkscreen clearance
    Rule: 基板の設定のシルクスクリーンの制約; warning
    @(26.1500 mm, 9.4000 mm): Reference field of C6
    @(24.7000 mm, 7.9000 mm): Rectangle of U2 on F.Silkscreen
[silk_overlap]: Silkscreen clearance
    Rule: 基板の設定のシルクスクリーンの制約; warning
    @(21.5000 mm, 7.0000 mm): Reference field of C4
    @(22.7000 mm, 7.4500 mm): Reference field of C17
[silk_overlap]: Silkscreen clearance
    Rule: 基板の設定のシルクスクリーンの制約; warning
    @(21.0000 mm, 2.4000 mm): Rectangle of C3 on F.Silkscreen
    @(22.0500 mm, 3.7000 mm): Reference field of C14
[silk_overlap]: Silkscreen clearance
    Rule: 基板の設定のシルクスクリーンの制約; warning
    @(27.6000 mm, 1.9000 mm): Rectangle of R8 on F.Silkscreen
    @(29.0000 mm, 1.9000 mm): Rectangle of R9 on F.Silkscreen
[silk_over_copper]: Silkscreen clipped by solder mask
    Local override; warning
    @(4.2000 mm, 15.7000 mm): Rectangle of LED1 on F.Silkscreen
    @(4.4500 mm, 16.5000 mm): Pad 1 [GND] of LED1 on F.Cu
[silk_over_copper]: Silkscreen clipped by solder mask
    Local override; warning
    @(4.2000 mm, 15.7000 mm): Rectangle of LED1 on F.Silkscreen
    @(5.9500 mm, 16.5000 mm): Pad 2 [LED_A] of LED1 on F.Cu
[silk_over_copper]: Silkscreen clipped by solder mask
    Local override; warning
    @(17.7500 mm, 13.2000 mm): Rectangle of C16 on F.Silkscreen
    @(19.5000 mm, 14.0000 mm): Pad 2 [GND] of C16 on F.Cu
[silk_over_copper]: Silkscreen clipped by solder mask
    Local override; warning
    @(17.7500 mm, 13.2000 mm): Rectangle of C16 on F.Silkscreen
    @(18.0000 mm, 14.0000 mm): Pad 1 [3V3] of C16 on F.Cu
[silk_over_copper]: Silkscreen clipped by solder mask
    Local override; warning
[silk_over_copper]: Silkscreen clipped by solder mask
    Local override; warning
[silk_over_copper]: Silkscreen clipped by solder mask
    Local override; warning
    @(12.0500 mm, 13.7500 mm): Rectangle of U5 on F.Silkscreen
    @(14.0000 mm, 13.6000 mm): Pad 3 [3V3] of U5 on F.Cu
[silk_over_copper]: Silkscreen clipped by solder mask
    Local override; warning
    @(7.0000 mm, 10.7000 mm): Reference field of C10
    @(6.6500 mm, 11.0000 mm): Pad 2 [CAM_SIOD] of R5 on F.Cu
[silk_over_copper]: Silkscreen clipped by solder mask
    Local override; warning
    @(7.0000 mm, 10.7000 mm): Reference field of C10
    @(7.6000 mm, 11.0000 mm): Pad 1 [2V8] of R6 on F.Cu
[silk_over_copper]: Silkscreen clipped by solder mask
    Local override; warning
    @(6.0000 mm, 11.7000 mm): Rectangle of C10 on F.Silkscreen
    @(7.7500 mm, 12.5000 mm): Pad 2 [GND] of C10 on F.Cu
[silk_over_copper]: Silkscreen clipped by solder mask
    Local override; warning
    @(6.0000 mm, 11.7000 mm): Rectangle of C10 on F.Silkscreen
    @(6.2500 mm, 12.5000 mm): Pad 1 [2V8] of C10 on F.Cu
[silk_over_copper]: Silkscreen clipped by solder mask
    Local override; warning
    @(8.9500 mm, 12.6500 mm): Rectangle of U4 on F.Silkscreen
    @(9.0000 mm, 12.5000 mm): Pad 1 [3V3] of U4 on F.Cu
[silk_over_copper]: Silkscreen clipped by solder mask
    Local override; warning
    @(8.9500 mm, 12.6500 mm): Rectangle of U4 on F.Silkscreen
    @(9.9500 mm, 12.5000 mm): Pad 2 [GND] of U4 on F.Cu
[silk_over_copper]: Silkscreen clipped by solder mask
    Local override; warning
    @(8.9500 mm, 12.6500 mm): Rectangle of U4 on F.Silkscreen
    @(10.9000 mm, 12.5000 mm): Pad 3 [3V3] of U4 on F.Cu
[silk_over_copper]: Silkscreen clipped by solder mask
    Local override; warning
    @(11.5000 mm, 10.7000 mm): Rectangle of C11 on F.Silkscreen
    @(13.2500 mm, 11.5000 mm): Pad 2 [GND] of C11 on F.Cu
[silk_over_copper]: Silkscreen clipped by solder mask
    Local override; warning
    @(11.5000 mm, 10.7000 mm): Rectangle of C11 on F.Silkscreen
    @(11.7500 mm, 11.5000 mm): Pad 1 [1V3] of C11 on F.Cu
[silk_over_copper]: Silkscreen clipped by solder mask
    Local override; warning
    @(8.9500 mm, 12.6500 mm): Rectangle of U4 on F.Silkscreen
    @(10.4000 mm, 14.4000 mm): Pad 4 [<no net>] of U4 on F.Cu
[silk_over_copper]: Silkscreen clipped by solder mask
    Local override; warning
    @(8.9500 mm, 12.6500 mm): Rectangle of U4 on F.Silkscreen
    @(9.5000 mm, 14.4000 mm): Pad 5 [2V8] of U4 on F.Cu
[silk_over_copper]: Silkscreen clipped by solder mask
    Local override; warning
    @(9.9000 mm, 14.7000 mm): Rectangle of C12 on F.Silkscreen
    @(10.4000 mm, 14.4000 mm): Pad 4 [<no net>] of U4 on F.Cu
[silk_over_copper]: Silkscreen clipped by solder mask
    Local override; warning
    @(18.7500 mm, 12.2000 mm): Reference field of C16
    @(18.8000 mm, 12.7000 mm): Pad 24 [CAM_RESETB] of U1 on F.Cu
[silk_over_copper]: Silkscreen clipped by solder mask
    Local override; warning
    @(18.7500 mm, 12.2000 mm): Reference field of C16
    @(19.2000 mm, 12.7000 mm): Pad 25 [USB_DN] of U1 on F.Cu
[silk_over_copper]: Silkscreen clipped by solder mask
    Local override; warning
    @(18.7500 mm, 12.2000 mm): Reference field of C16
    @(19.6000 mm, 12.7000 mm): Pad 26 [USB_DP] of U1 on F.Cu
[silk_over_copper]: Silkscreen clipped by solder mask
    Local override; warning
    @(15.1000 mm, 13.7000 mm): Reference field of C13
    @(15.6000 mm, 14.0000 mm): Pad 1 [3V3] of C15 on F.Cu
[silk_over_copper]: Silkscreen clipped by solder mask
    Local override; warning
    @(16.0500 mm, 12.2000 mm): Reference field of C15
    @(15.6000 mm, 12.7000 mm): Pad 16 [CAM_D8] of U1 on F.Cu
[silk_over_copper]: Silkscreen clipped by solder mask
    Local override; warning
    @(16.0500 mm, 12.2000 mm): Reference field of C15
    @(16.0000 mm, 12.7000 mm): Pad 17 [CAM_D7] of U1 on F.Cu
[silk_over_copper]: Silkscreen clipped by solder mask
    Local override; warning
    @(18.7500 mm, 12.2000 mm): Reference field of C16
    @(18.4000 mm, 12.7000 mm): Pad 23 [CAM_HREF] of U1 on F.Cu
[silk_over_copper]: Silkscreen clipped by solder mask
    Local override; warning
    @(18.7500 mm, 12.2000 mm): Reference field of C16
    @(18.0000 mm, 12.7000 mm): Pad 22 [CAM_VSYNC] of U1 on F.Cu
[silk_over_copper]: Silkscreen clipped by solder mask
    Local override; warning
    @(16.0500 mm, 12.2000 mm): Reference field of C15
    @(16.8000 mm, 12.7000 mm): Pad 19 [CAM_D5] of U1 on F.Cu
[silk_over_copper]: Silkscreen clipped by solder mask
    Local override; warning
    @(16.0500 mm, 12.2000 mm): Reference field of C15
    @(16.4000 mm, 12.7000 mm): Pad 18 [CAM_D6] of U1 on F.Cu
[silk_over_copper]: Silkscreen clipped by solder mask
    Local override; warning
    @(12.0500 mm, 13.7500 mm): Rectangle of U5 on F.Silkscreen
    @(12.1000 mm, 13.6000 mm): Pad 1 [3V3] of U5 on F.Cu
[silk_over_copper]: Silkscreen clipped by solder mask
    Local override; warning
    @(12.0500 mm, 13.7500 mm): Rectangle of U5 on F.Silkscreen
    @(13.0500 mm, 13.6000 mm): Pad 2 [GND] of U5 on F.Cu
[silk_over_copper]: Silkscreen clipped by solder mask
    Local override; warning
    @(12.0500 mm, 13.7500 mm): Rectangle of U5 on F.Silkscreen
    @(13.5000 mm, 15.5000 mm): Pad 4 [<no net>] of U5 on F.Cu
[silk_over_copper]: Silkscreen clipped by solder mask
    Local override; warning
    @(12.0500 mm, 13.7500 mm): Rectangle of U5 on F.Silkscreen
    @(12.6000 mm, 15.5000 mm): Pad 5 [1V3] of U5 on F.Cu
[silk_over_copper]: Silkscreen clipped by solder mask
    Local override; warning
    @(13.8500 mm, 5.3000 mm): Circle of U1 on F.Silkscreen
    @(13.5000 mm, 6.2000 mm): Pad S1 [GND] of J1 on F.Cu
[silk_over_copper]: Silkscreen clipped by solder mask
    Local override; warning
    @(13.8000 mm, 8.7000 mm): Rectangle of J1 on F.Silkscreen
    @(13.5000 mm, 6.2000 mm): Pad S1 [GND] of J1 on F.Cu
[silk_over_copper]: Silkscreen clipped by solder mask
    Local override; warning
    @(14.1000 mm, 5.5500 mm): Rectangle of U1 on F.Silkscreen
    @(20.4000 mm, 5.8000 mm): Pad 43 [CAM_D4] of U1 on F.Cu
[silk_over_copper]: Silkscreen clipped by solder mask
    Local override; warning
    @(14.1000 mm, 5.5500 mm): Rectangle of U1 on F.Silkscreen
    @(20.0000 mm, 5.8000 mm): Pad 44 [CAM_D3] of U1 on F.Cu
[silk_over_copper]: Silkscreen clipped by solder mask
    Local override; warning
    @(14.1000 mm, 5.5500 mm): Rectangle of U1 on F.Silkscreen
    @(19.6000 mm, 5.8000 mm): Pad 45 [CAM_D2] of U1 on F.Cu
[silk_over_copper]: Silkscreen clipped by solder mask
    Local override; warning
    @(14.1000 mm, 5.5500 mm): Rectangle of U1 on F.Silkscreen
    @(21.6000 mm, 5.5000 mm): Pad 1 [VDD_SPI] of C14 on F.Cu
[silk_over_copper]: Silkscreen clipped by solder mask
    Local override; warning
    @(14.1000 mm, 5.5500 mm): Rectangle of U1 on F.Silkscreen
    @(16.4000 mm, 5.8000 mm): Pad 53 [<no net>] of U1 on F.Cu
[silk_over_copper]: Silkscreen clipped by solder mask
    Local override; warning
    @(14.1000 mm, 5.5500 mm): Rectangle of U1 on F.Silkscreen
    @(16.0000 mm, 5.8000 mm): Pad 54 [<no net>] of U1 on F.Cu
[silk_over_copper]: Silkscreen clipped by solder mask
    Local override; warning
    @(14.1000 mm, 5.5500 mm): Rectangle of U1 on F.Silkscreen
    @(15.6000 mm, 5.8000 mm): Pad 55 [3V3] of U1 on F.Cu
[silk_over_copper]: Silkscreen clipped by solder mask
    Local override; warning
    @(14.1000 mm, 5.5500 mm): Rectangle of U1 on F.Silkscreen
    @(15.2000 mm, 5.8000 mm): Pad 56 [3V3] of U1 on F.Cu
[silk_over_copper]: Silkscreen clipped by solder mask
    Local override; warning
    @(14.1000 mm, 5.5500 mm): Rectangle of U1 on F.Silkscreen
    @(19.2000 mm, 5.8000 mm): Pad 46 [3V3] of U1 on F.Cu
[silk_over_copper]: Silkscreen clipped by solder mask
    Local override; warning
    @(14.1000 mm, 5.5500 mm): Rectangle of U1 on F.Silkscreen
    @(18.8000 mm, 5.8000 mm): Pad 47 [CAM_PCLK] of U1 on F.Cu
[silk_over_copper]: Silkscreen clipped by solder mask
    Local override; warning
    @(14.1000 mm, 5.5500 mm): Rectangle of U1 on F.Silkscreen
    @(18.4000 mm, 5.8000 mm): Pad 48 [<no net>] of U1 on F.Cu
[silk_over_copper]: Silkscreen clipped by solder mask
    Local override; warning
    @(14.1000 mm, 5.5500 mm): Rectangle of U1 on F.Silkscreen
    @(18.0000 mm, 5.8000 mm): Pad 49 [U0TXD] of U1 on F.Cu
[silk_over_copper]: Silkscreen clipped by solder mask
    Local override; warning
    @(14.1000 mm, 5.5500 mm): Rectangle of U1 on F.Silkscreen
    @(17.6000 mm, 5.8000 mm): Pad 50 [U0RXD] of U1 on F.Cu
[silk_over_copper]: Silkscreen clipped by solder mask
    Local override; warning
    @(14.1000 mm, 5.5500 mm): Rectangle of U1 on F.Silkscreen
    @(17.2000 mm, 5.8000 mm): Pad 51 [<no net>] of U1 on F.Cu
[silk_over_copper]: Silkscreen clipped by solder mask
    Local override; warning
    @(14.1000 mm, 5.5500 mm): Rectangle of U1 on F.Silkscreen
    @(16.8000 mm, 5.8000 mm): Pad 52 [<no net>] of U1 on F.Cu
[silk_over_copper]: Silkscreen clipped by solder mask
    Local override; warning
    @(14.1000 mm, 5.5500 mm): Rectangle of U1 on F.Silkscreen
    @(17.2000 mm, 12.7000 mm): Pad 20 [3V3] of U1 on F.Cu
[silk_over_copper]: Silkscreen clipped by solder mask
    Local override; warning
    @(14.1000 mm, 5.5500 mm): Rectangle of U1 on F.Silkscreen
    @(17.6000 mm, 12.7000 mm): Pad 21 [CAM_XCLK] of U1 on F.Cu
[silk_over_copper]: Silkscreen clipped by solder mask
    Local override; warning
    @(14.1000 mm, 5.5500 mm): Rectangle of U1 on F.Silkscreen
    @(18.0000 mm, 12.7000 mm): Pad 22 [CAM_VSYNC] of U1 on F.Cu
[silk_over_copper]: Silkscreen clipped by solder mask
    Local override; warning
    @(14.1000 mm, 5.5500 mm): Rectangle of U1 on F.Silkscreen
    @(16.4000 mm, 12.7000 mm): Pad 18 [CAM_D6] of U1 on F.Cu
[silk_over_copper]: Silkscreen clipped by solder mask
    Local override; warning
    @(14.1000 mm, 5.5500 mm): Rectangle of U1 on F.Silkscreen
    @(16.8000 mm, 12.7000 mm): Pad 19 [CAM_D5] of U1 on F.Cu
[silk_over_copper]: Silkscreen clipped by solder mask
    Local override; warning
    @(14.1000 mm, 5.5500 mm): Rectangle of U1 on F.Silkscreen
    @(18.4000 mm, 12.7000 mm): Pad 23 [CAM_HREF] of U1 on F.Cu
[silk_over_copper]: Silkscreen clipped by solder mask
    Local override; warning
    @(14.1000 mm, 5.5500 mm): Rectangle of U1 on F.Silkscreen
    @(18.8000 mm, 12.7000 mm): Pad 24 [CAM_RESETB] of U1 on F.Cu
[silk_over_copper]: Silkscreen clipped by solder mask
    Local override; warning
    @(14.1000 mm, 5.5500 mm): Rectangle of U1 on F.Silkscreen
    @(19.2000 mm, 12.7000 mm): Pad 25 [USB_DN] of U1 on F.Cu
[silk_over_copper]: Silkscreen clipped by solder mask
    Local override; warning
    @(14.1000 mm, 5.5500 mm): Rectangle of U1 on F.Silkscreen
    @(19.6000 mm, 12.7000 mm): Pad 26 [USB_DP] of U1 on F.Cu
[silk_over_copper]: Silkscreen clipped by solder mask
    Local override; warning
    @(14.1000 mm, 5.5500 mm): Rectangle of U1 on F.Silkscreen
    @(20.0000 mm, 12.7000 mm): Pad 27 [CAM_PWDN] of U1 on F.Cu
[silk_over_copper]: Silkscreen clipped by solder mask
    Local override; warning
    @(14.1000 mm, 5.5500 mm): Rectangle of U1 on F.Silkscreen
    @(20.4000 mm, 12.7000 mm): Pad 28 [<no net>] of U1 on F.Cu
[silk_over_copper]: Silkscreen clipped by solder mask
    Local override; warning
    @(14.1000 mm, 5.5500 mm): Rectangle of U1 on F.Silkscreen
    @(15.2000 mm, 12.7000 mm): Pad 15 [CAM_D9] of U1 on F.Cu
[silk_over_copper]: Silkscreen clipped by solder mask
    Local override; warning
    @(14.1000 mm, 5.5500 mm): Rectangle of U1 on F.Silkscreen
    @(15.6000 mm, 12.7000 mm): Pad 16 [CAM_D8] of U1 on F.Cu
[silk_over_copper]: Silkscreen clipped by solder mask
    Local override; warning
    @(14.1000 mm, 5.5500 mm): Rectangle of U1 on F.Silkscreen
    @(16.0000 mm, 12.7000 mm): Pad 17 [CAM_D7] of U1 on F.Cu
[silk_over_copper]: Silkscreen clipped by solder mask
    Local override; warning
    @(14.1000 mm, 5.5500 mm): Rectangle of U1 on F.Silkscreen
    @(14.3500 mm, 6.6500 mm): Pad 1 [LNA_IN] of U1 on F.Cu
[silk_over_copper]: Silkscreen clipped by solder mask
    Local override; warning
    @(14.1000 mm, 5.5500 mm): Rectangle of U1 on F.Silkscreen
    @(14.3500 mm, 7.0500 mm): Pad 2 [3V3] of U1 on F.Cu
[silk_over_copper]: Silkscreen clipped by solder mask
    Local override; warning
    @(14.1000 mm, 5.5500 mm): Rectangle of U1 on F.Silkscreen
    @(14.3500 mm, 8.2500 mm): Pad 5 [GPIO0] of U1 on F.Cu
[silk_over_copper]: Silkscreen clipped by solder mask
    Local override; warning
    @(14.1000 mm, 5.5500 mm): Rectangle of U1 on F.Silkscreen
    @(14.3500 mm, 8.6500 mm): Pad 6 [<no net>] of U1 on F.Cu
[silk_over_copper]: Silkscreen clipped by solder mask
    Local override; warning
    @(14.1000 mm, 5.5500 mm): Rectangle of U1 on F.Silkscreen
    @(14.3500 mm, 9.0500 mm): Pad 7 [<no net>] of U1 on F.Cu
[silk_over_copper]: Silkscreen clipped by solder mask
    Local override; warning
    @(14.1000 mm, 5.5500 mm): Rectangle of U1 on F.Silkscreen
    @(14.3500 mm, 9.4500 mm): Pad 8 [<no net>] of U1 on F.Cu
[silk_over_copper]: Silkscreen clipped by solder mask
    Local override; warning
    @(14.1000 mm, 5.5500 mm): Rectangle of U1 on F.Silkscreen
    @(14.3500 mm, 9.8500 mm): Pad 9 [CHG_DETECT] of U1 on F.Cu
[silk_over_copper]: Silkscreen clipped by solder mask
    Local override; warning
    @(14.1000 mm, 5.5500 mm): Rectangle of U1 on F.Silkscreen
    @(14.3500 mm, 10.6500 mm): Pad 11 [<no net>] of U1 on F.Cu
[silk_over_copper]: Silkscreen clipped by solder mask
    Local override; warning
    @(14.1000 mm, 5.5500 mm): Rectangle of U1 on F.Silkscreen
    @(14.3500 mm, 11.0500 mm): Pad 12 [<no net>] of U1 on F.Cu
[silk_over_copper]: Silkscreen clipped by solder mask
    Local override; warning
    @(14.1000 mm, 5.5500 mm): Rectangle of U1 on F.Silkscreen
    @(14.3500 mm, 11.4500 mm): Pad 13 [CAM_SIOD] of U1 on F.Cu
[silk_over_copper]: Silkscreen clipped by solder mask
    Local override; warning
    @(14.1000 mm, 5.5500 mm): Rectangle of U1 on F.Silkscreen
    @(14.3500 mm, 11.8500 mm): Pad 14 [CAM_SIOC] of U1 on F.Cu
[silk_over_copper]: Silkscreen clipped by solder mask
    Local override; warning
    @(14.1000 mm, 5.5500 mm): Rectangle of U1 on F.Silkscreen
    @(14.3500 mm, 10.2500 mm): Pad 10 [WAKE_BUTTON] of U1 on F.Cu
[silk_over_copper]: Silkscreen clipped by solder mask
    Local override; warning
    @(14.1000 mm, 5.5500 mm): Rectangle of U1 on F.Silkscreen
    @(14.3500 mm, 7.4500 mm): Pad 3 [3V3] of U1 on F.Cu
[silk_over_copper]: Silkscreen clipped by solder mask
    Local override; warning
    @(14.1000 mm, 5.5500 mm): Rectangle of U1 on F.Silkscreen
    @(14.3500 mm, 7.8500 mm): Pad 4 [CHIP_PU] of U1 on F.Cu
[silk_over_copper]: Silkscreen clipped by solder mask
    Local override; warning
    @(20.9000 mm, 12.2000 mm): Reference field of R7
    @(20.4000 mm, 12.7000 mm): Pad 28 [<no net>] of U1 on F.Cu
[silk_over_copper]: Silkscreen clipped by solder mask
    Local override; warning
    @(2.4000 mm, 2.4000 mm): Rectangle of SW1 on F.Silkscreen
    @(4.2000 mm, 2.7500 mm): Pad 2 [WAKE_BUTTON] of SW1 on F.Cu
[silk_over_copper]: Silkscreen clipped by solder mask
    Local override; warning
    @(2.4000 mm, 2.4000 mm): Rectangle of SW1 on F.Silkscreen
    @(4.2000 mm, 3.6500 mm): Pad 4 [GND] of SW1 on F.Cu
[silk_over_copper]: Silkscreen clipped by solder mask
    Local override; warning
    @(2.4000 mm, 2.4000 mm): Rectangle of SW1 on F.Silkscreen
    @(2.6000 mm, 2.7500 mm): Pad 1 [WAKE_BUTTON] of SW1 on F.Cu
[silk_over_copper]: Silkscreen clipped by solder mask
    Local override; warning
    @(2.4000 mm, 2.4000 mm): Rectangle of SW1 on F.Silkscreen
    @(2.6000 mm, 3.6500 mm): Pad 3 [GND] of SW1 on F.Cu
[silk_over_copper]: Silkscreen clipped by solder mask
    Local override; warning
    @(13.8000 mm, 8.7000 mm): Rectangle of J1 on F.Silkscreen
    @(0.1000 mm, 6.2000 mm): Pad S2 [GND] of J1 on F.Cu
[silk_over_copper]: Silkscreen clipped by solder mask
    Local override; warning
    @(19.0000 mm, 19.2000 mm): PCB text 'CameraIoT RevA2 38x18mm - pin/net corrected; route+DRC required' on F.Silkscreen
    @(22.2000 mm, 18.5000 mm): Pad B12 [GND] of J2 on F.Cu
[silk_over_copper]: Silkscreen clipped by solder mask
    Local override; warning
    @(19.0000 mm, 19.2000 mm): PCB text 'CameraIoT RevA2 38x18mm - pin/net corrected; route+DRC required' on F.Silkscreen
    @(23.7000 mm, 18.5000 mm): Pad B9 [VCHG_5V] of J2 on F.Cu
[silk_over_copper]: Silkscreen clipped by solder mask
    Local override; warning
[silk_over_copper]: Silkscreen clipped by solder mask
    Local override; warning
    @(30.9500 mm, 15.7000 mm): Reference field of L2
    @(30.0000 mm, 16.6000 mm): PTH pad S2 [GND] of J2
[silk_over_copper]: Silkscreen clipped by solder mask
    Local override; warning
[silk_over_copper]: Silkscreen clipped by solder mask
    Local override; warning
    @(30.8000 mm, 13.8000 mm): Rectangle of C1 on F.Silkscreen
    @(32.7500 mm, 15.2500 mm): Pad 2 [RF_ANT] of L2 on F.Cu
[silk_over_copper]: Silkscreen clipped by solder mask
    Local override; warning
    @(31.9500 mm, 16.7000 mm): Rectangle of L2 on F.Silkscreen
    @(32.2500 mm, 14.6000 mm): Pad 2 [GND] of C1 on F.Cu
[silk_over_copper]: Silkscreen clipped by solder mask
    Local override; warning
    @(34.0000 mm, 15.7000 mm): Reference field of ANT1
    @(32.7500 mm, 16.1500 mm): Pad 1 [LNA_IN] of L2 on F.Cu
[silk_over_copper]: Silkscreen clipped by solder mask
    Local override; warning
[silk_over_copper]: Silkscreen clipped by solder mask
    Local override; warning
    @(35.0000 mm, 16.7000 mm): Rectangle of ANT1 on F.Silkscreen
    @(35.8000 mm, 16.8000 mm): Pad 1 [RF_ANT] of ANT1 on F.Cu
[silk_over_copper]: Silkscreen clipped by solder mask
    Local override; warning
    @(35.0000 mm, 16.7000 mm): Rectangle of ANT1 on F.Silkscreen
    @(34.7500 mm, 14.6000 mm): Pad 2 [GND] of C2 on F.Cu
[silk_over_copper]: Silkscreen clipped by solder mask
    Local override; warning
    @(35.0000 mm, 16.7000 mm): Rectangle of ANT1 on F.Silkscreen
    @(35.8000 mm, 14.6000 mm): Pad 2 [GND] of ANT1 on F.Cu
[silk_over_copper]: Silkscreen clipped by solder mask
    Local override; warning
    @(23.0000 mm, 10.9000 mm): Rectangle of C7 on F.Silkscreen
    @(22.6000 mm, 11.7000 mm): Pad 1 [3V3] of C7 on F.Cu
[silk_over_copper]: Silkscreen clipped by solder mask
    Local override; warning
    @(23.0000 mm, 10.9000 mm): Rectangle of C7 on F.Silkscreen
    @(25.4000 mm, 11.7000 mm): Pad 2 [GND] of C7 on F.Cu
[silk_over_copper]: Silkscreen clipped by solder mask
    Local override; warning
    @(24.0000 mm, 9.9000 mm): Reference field of C7
    @(24.5000 mm, 9.5000 mm): Pad 5 [GND] of U2 on F.Cu
[silk_over_copper]: Silkscreen clipped by solder mask
    Local override; warning
    @(27.1500 mm, 10.4000 mm): Rectangle of C6 on F.Silkscreen
    @(27.9500 mm, 10.1500 mm): Pad 1 [3V3] of C6 on F.Cu
[silk_over_copper]: Silkscreen clipped by solder mask
    Local override; warning
[silk_over_copper]: Silkscreen clipped by solder mask
    Local override; warning
    @(26.1500 mm, 9.4000 mm): Reference field of C6
    @(25.7000 mm, 8.7000 mm): Pad 11 [GND] of U2 on F.Cu
[silk_over_copper]: Silkscreen clipped by solder mask
    Local override; warning
    @(22.5000 mm, 8.0000 mm): Rectangle of C4 on F.Silkscreen
    @(23.3000 mm, 7.7500 mm): Pad 1 [VBAT] of C4 on F.Cu
[silk_over_copper]: Silkscreen clipped by solder mask
    Local override; warning
    @(22.5000 mm, 8.0000 mm): Rectangle of C4 on F.Silkscreen
    @(23.3000 mm, 6.2500 mm): Pad 2 [GND] of C4 on F.Cu
[silk_over_copper]: Silkscreen clipped by solder mask
    Local override; warning
    @(22.7000 mm, 7.4500 mm): Reference field of C17
    @(23.3000 mm, 7.7500 mm): Pad 1 [VBAT] of C4 on F.Cu
[silk_over_copper]: Silkscreen clipped by solder mask
    Local override; warning
    @(24.7000 mm, 4.4000 mm): Rectangle of L1 on F.Silkscreen
    @(24.8000 mm, 5.2000 mm): Pad 1 [TPS_L1] of L1 on F.Cu
[silk_over_copper]: Silkscreen clipped by solder mask
    Local override; warning
    @(24.7000 mm, 4.4000 mm): Rectangle of L1 on F.Silkscreen
    @(26.6000 mm, 5.2000 mm): Pad 2 [TPS_L2] of L1 on F.Cu
[silk_over_copper]: Silkscreen clipped by solder mask
    Local override; warning
    @(21.0500 mm, 4.7000 mm): Rectangle of C14 on F.Silkscreen
    @(23.3000 mm, 6.2500 mm): Pad 2 [GND] of C4 on F.Cu
[silk_over_copper]: Silkscreen clipped by solder mask
    Local override; warning
    @(21.5000 mm, 7.0000 mm): Reference field of C4
    @(21.2500 mm, 7.0500 mm): Pad 41 [<no net>] of U1 on F.Cu
[silk_over_copper]: Silkscreen clipped by solder mask
    Local override; warning
    @(21.5000 mm, 7.0000 mm): Reference field of C4
    @(21.2500 mm, 6.6500 mm): Pad 42 [<no net>] of U1 on F.Cu
[silk_over_copper]: Silkscreen clipped by solder mask
    Local override; warning
    @(14.1000 mm, 5.5500 mm): Rectangle of U1 on F.Silkscreen
    @(21.2500 mm, 11.8500 mm): Pad 29 [VDD_SPI] of U1 on F.Cu
[silk_over_copper]: Silkscreen clipped by solder mask
    Local override; warning
    @(14.1000 mm, 5.5500 mm): Rectangle of U1 on F.Silkscreen
    @(21.2500 mm, 11.4500 mm): Pad 30 [<no net>] of U1 on F.Cu
[silk_over_copper]: Silkscreen clipped by solder mask
    Local override; warning
    @(14.1000 mm, 5.5500 mm): Rectangle of U1 on F.Silkscreen
    @(21.2500 mm, 11.0500 mm): Pad 31 [<no net>] of U1 on F.Cu
[silk_over_copper]: Silkscreen clipped by solder mask
    Local override; warning
    @(14.1000 mm, 5.5500 mm): Rectangle of U1 on F.Silkscreen
    @(21.2500 mm, 10.6500 mm): Pad 32 [<no net>] of U1 on F.Cu
[silk_over_copper]: Silkscreen clipped by solder mask
    Local override; warning
    @(14.1000 mm, 5.5500 mm): Rectangle of U1 on F.Silkscreen
    @(21.2500 mm, 10.2500 mm): Pad 33 [<no net>] of U1 on F.Cu
[silk_over_copper]: Silkscreen clipped by solder mask
    Local override; warning
    @(14.1000 mm, 5.5500 mm): Rectangle of U1 on F.Silkscreen
    @(21.2500 mm, 9.8500 mm): Pad 34 [<no net>] of U1 on F.Cu
[silk_over_copper]: Silkscreen clipped by solder mask
    Local override; warning
    @(14.1000 mm, 5.5500 mm): Rectangle of U1 on F.Silkscreen
    @(21.2500 mm, 9.4500 mm): Pad 35 [<no net>] of U1 on F.Cu
[silk_over_copper]: Silkscreen clipped by solder mask
    Local override; warning
    @(14.1000 mm, 5.5500 mm): Rectangle of U1 on F.Silkscreen
    @(21.2500 mm, 9.0500 mm): Pad 36 [<no net>] of U1 on F.Cu
[silk_over_copper]: Silkscreen clipped by solder mask
    Local override; warning
    @(14.1000 mm, 5.5500 mm): Rectangle of U1 on F.Silkscreen
    @(21.2500 mm, 8.6500 mm): Pad 37 [LED_STATUS] of U1 on F.Cu
[silk_over_copper]: Silkscreen clipped by solder mask
    Local override; warning
    @(14.1000 mm, 5.5500 mm): Rectangle of U1 on F.Silkscreen
    @(21.2500 mm, 8.2500 mm): Pad 38 [<no net>] of U1 on F.Cu
[silk_over_copper]: Silkscreen clipped by solder mask
    Local override; warning
    @(14.1000 mm, 5.5500 mm): Rectangle of U1 on F.Silkscreen
    @(21.2500 mm, 7.8500 mm): Pad 39 [<no net>] of U1 on F.Cu
[silk_over_copper]: Silkscreen clipped by solder mask
    Local override; warning
    @(14.1000 mm, 5.5500 mm): Rectangle of U1 on F.Silkscreen
    @(21.2500 mm, 7.4500 mm): Pad 40 [<no net>] of U1 on F.Cu
[silk_over_copper]: Silkscreen clipped by solder mask
    Local override; warning
    @(14.1000 mm, 5.5500 mm): Rectangle of U1 on F.Silkscreen
    @(21.2500 mm, 7.0500 mm): Pad 41 [<no net>] of U1 on F.Cu
[silk_over_copper]: Silkscreen clipped by solder mask
    Local override; warning
    @(14.1000 mm, 5.5500 mm): Rectangle of U1 on F.Silkscreen
    @(21.2500 mm, 6.6500 mm): Pad 42 [<no net>] of U1 on F.Cu
[silk_over_copper]: Silkscreen clipped by solder mask
    Local override; warning
    @(20.9000 mm, 12.2000 mm): Reference field of R7
    @(21.2500 mm, 11.8500 mm): Pad 29 [VDD_SPI] of U1 on F.Cu
[silk_over_copper]: Silkscreen clipped by solder mask
    Local override; warning
    @(19.7500 mm, 2.4000 mm): Rectangle of R4 on F.Silkscreen
    @(21.5500 mm, 3.2000 mm): Pad 1 [CHIP_PU] of C3 on F.Cu
[silk_over_copper]: Silkscreen clipped by solder mask
    Local override; warning
    @(22.0500 mm, 3.7000 mm): Reference field of C14
    @(21.2000 mm, 3.2000 mm): Pad 2 [CHIP_PU] of R4 on F.Cu
[silk_over_copper]: Silkscreen clipped by solder mask
    Local override; warning
    @(22.0500 mm, 3.7000 mm): Reference field of C14
    @(21.5500 mm, 3.2000 mm): Pad 1 [CHIP_PU] of C3 on F.Cu
[silk_over_copper]: Silkscreen clipped by solder mask
    Local override; warning
    @(22.0500 mm, 3.7000 mm): Reference field of C14
    @(22.4500 mm, 3.2000 mm): Pad 2 [GND] of C3 on F.Cu
[silk_over_copper]: Silkscreen clipped by solder mask
    Local override; warning
    @(21.0000 mm, 2.4000 mm): Rectangle of C3 on F.Silkscreen
    @(21.2000 mm, 3.2000 mm): Pad 2 [CHIP_PU] of R4 on F.Cu
[silk_over_copper]: Silkscreen clipped by solder mask
    Local override; warning
    @(19.0000 mm, 19.2000 mm): PCB text 'CameraIoT RevA2 38x18mm - pin/net corrected; route+DRC required' on F.Silkscreen
    @(25.2000 mm, 18.5000 mm): Pad B7 [USB_DN] of J2 on F.Cu
[silk_over_copper]: Silkscreen clipped by solder mask
    Local override; warning
    @(19.0000 mm, 19.2000 mm): PCB text 'CameraIoT RevA2 38x18mm - pin/net corrected; route+DRC required' on F.Silkscreen
    @(25.8000 mm, 18.5000 mm): Pad B6 [USB_DP] of J2 on F.Cu
[silk_over_copper]: Silkscreen clipped by solder mask
    Local override; warning
    @(19.0000 mm, 19.2000 mm): PCB text 'CameraIoT RevA2 38x18mm - pin/net corrected; route+DRC required' on F.Silkscreen
    @(26.4000 mm, 18.5000 mm): Pad B5 [CC2] of J2 on F.Cu
[silk_over_copper]: Silkscreen clipped by solder mask
    Local override; warning
    @(19.0000 mm, 19.2000 mm): PCB text 'CameraIoT RevA2 38x18mm - pin/net corrected; route+DRC required' on F.Silkscreen
    @(27.3000 mm, 18.5000 mm): Pad B4 [VCHG_5V] of J2 on F.Cu
[silk_over_copper]: Silkscreen clipped by solder mask
    Local override; warning
    @(19.0000 mm, 19.2000 mm): PCB text 'CameraIoT RevA2 38x18mm - pin/net corrected; route+DRC required' on F.Silkscreen
    @(28.8000 mm, 18.5000 mm): Pad B1 [GND] of J2 on F.Cu
[silk_over_copper]: Silkscreen clipped by solder mask
    Local override; warning
    @(27.1500 mm, 7.9000 mm): Rectangle of C5 on F.Silkscreen
    @(27.9500 mm, 7.6500 mm): Pad 1 [3V3] of C5 on F.Cu
[silk_over_copper]: Silkscreen clipped by solder mask
    Local override; warning
    @(27.1500 mm, 7.9000 mm): Rectangle of C5 on F.Silkscreen
    @(27.9500 mm, 6.1500 mm): Pad 2 [GND] of C5 on F.Cu
[silk_over_copper]: Silkscreen clipped by solder mask
    Local override; warning
    @(27.1500 mm, 10.4000 mm): Rectangle of C6 on F.Silkscreen
    @(27.9500 mm, 8.6500 mm): Pad 2 [GND] of C6 on F.Cu
[silk_over_copper]: Silkscreen clipped by solder mask
    Local override; warning
    @(31.7000 mm, 9.1500 mm): Rectangle of C9 on F.Silkscreen
    @(33.4500 mm, 9.9500 mm): Pad 2 [GND] of C9 on F.Cu
[silk_over_copper]: Silkscreen clipped by solder mask
    Local override; warning
    @(31.7000 mm, 9.1500 mm): Rectangle of C9 on F.Silkscreen
    @(31.9500 mm, 9.9500 mm): Pad 1 [VBAT] of C9 on F.Cu
[silk_over_copper]: Silkscreen clipped by solder mask
    Local override; warning
    @(29.3000 mm, 9.1500 mm): Rectangle of C8 on F.Silkscreen
    @(31.0500 mm, 9.9500 mm): Pad 2 [GND] of C8 on F.Cu
[silk_over_copper]: Silkscreen clipped by solder mask
    Local override; warning
    @(29.3000 mm, 7.2500 mm): Rectangle of U3 on F.Silkscreen
    @(29.3500 mm, 7.1000 mm): Pad 1 [CHG_STAT] of U3 on F.Cu
[silk_over_copper]: Silkscreen clipped by solder mask
    Local override; warning
    @(29.3000 mm, 7.2500 mm): Rectangle of U3 on F.Silkscreen
    @(30.3000 mm, 7.1000 mm): Pad 2 [GND] of U3 on F.Cu
[silk_over_copper]: Silkscreen clipped by solder mask
    Local override; warning
    @(29.3000 mm, 7.2500 mm): Rectangle of U3 on F.Silkscreen
    @(31.2500 mm, 7.1000 mm): Pad 3 [VBAT] of U3 on F.Cu
[silk_over_copper]: Silkscreen clipped by solder mask
    Local override; warning
    @(29.3000 mm, 7.2500 mm): Rectangle of U3 on F.Silkscreen
    @(30.7500 mm, 9.0000 mm): Pad 4 [VCHG_5V] of U3 on F.Cu
[silk_over_copper]: Silkscreen clipped by solder mask
    Local override; warning
    @(29.3000 mm, 7.2500 mm): Rectangle of U3 on F.Silkscreen
    @(29.8500 mm, 9.0000 mm): Pad 5 [CHG_PROG] of U3 on F.Cu
[silk_over_copper]: Silkscreen clipped by solder mask
    Local override; warning
    @(29.3000 mm, 9.1500 mm): Rectangle of C8 on F.Silkscreen
    @(30.7500 mm, 9.0000 mm): Pad 4 [VCHG_5V] of U3 on F.Cu
[silk_over_copper]: Silkscreen clipped by solder mask
    Local override; warning
    @(29.3000 mm, 9.1500 mm): Rectangle of C8 on F.Silkscreen
    @(29.8500 mm, 9.0000 mm): Pad 5 [CHG_PROG] of U3 on F.Cu
[silk_over_copper]: Silkscreen clipped by solder mask
    Local override; warning
    @(29.3000 mm, 9.1500 mm): Rectangle of C8 on F.Silkscreen
    @(29.5500 mm, 9.9500 mm): Pad 1 [VCHG_5V] of C8 on F.Cu
[silk_over_copper]: Silkscreen clipped by solder mask
    Local override; warning
    @(29.0000 mm, 1.9000 mm): Rectangle of R9 on F.Silkscreen
    @(29.0500 mm, 2.7000 mm): Pad 2 [CHG_DETECT] of R8 on F.Cu
[silk_over_copper]: Silkscreen clipped by solder mask
    Local override; warning
    @(27.6000 mm, 1.9000 mm): Rectangle of R8 on F.Silkscreen
    @(29.5500 mm, 2.7000 mm): Pad 1 [CHG_DETECT] of R9 on F.Cu
[silk_over_copper]: Silkscreen clipped by solder mask
    Local override; warning
    @(30.3000 mm, 6.2500 mm): Reference field of U3
    @(29.8500 mm, 6.0000 mm): Pad 1 [CHG_PROG] of R1 on F.Cu
[silk_over_copper]: Silkscreen clipped by solder mask
    Local override; warning
    @(30.3000 mm, 6.2500 mm): Reference field of U3
    @(30.7500 mm, 6.0000 mm): Pad 2 [GND] of R1 on F.Cu
[silk_over_copper]: Silkscreen clipped by solder mask
    Local override; warning
    @(29.3000 mm, 5.2000 mm): Rectangle of R1 on F.Silkscreen
    @(31.2500 mm, 7.1000 mm): Pad 3 [VBAT] of U3 on F.Cu
[silk_over_copper]: Silkscreen clipped by solder mask
    Local override; warning
    @(29.3000 mm, 5.2000 mm): Rectangle of R1 on F.Silkscreen
    @(29.3500 mm, 7.1000 mm): Pad 1 [CHG_STAT] of U3 on F.Cu
[silk_over_copper]: Silkscreen clipped by solder mask
    Local override; warning
    @(29.3000 mm, 5.2000 mm): Rectangle of R1 on F.Silkscreen
    @(30.3000 mm, 7.1000 mm): Pad 2 [GND] of U3 on F.Cu
[silk_overlap]: Silkscreen clearance
    Rule: 基板の設定のシルクスクリーンの制約; warning
    @(4.0000 mm, 2.0000 mm): Rectangle on B.Silkscreen
    @(26.0000 mm, 13.7000 mm): Reference field of BAT+
[silk_overlap]: Silkscreen clearance
    Rule: 基板の設定のシルクスクリーンの制約; warning
    @(4.0000 mm, 2.0000 mm): Rectangle on B.Silkscreen
    @(31.0000 mm, 13.7000 mm): Reference field of BAT-
[silk_over_copper]: Silkscreen clipped by solder mask
    Local override; warning
    @(22.0000 mm, 14.7000 mm): PCB text '401230 LiPo (PROTECTED) bottom adhesive - clear of ANT keepout & min overlap under camera' on B.Silkscreen
    @(26.0000 mm, 14.7000 mm): Pad 1 [VBAT] of BAT+ on B.Cu
[silk_over_copper]: Silkscreen clipped by solder mask
    Local override; warning
    @(22.0000 mm, 14.7000 mm): PCB text '401230 LiPo (PROTECTED) bottom adhesive - clear of ANT keepout & min overlap under camera' on B.Silkscreen
    @(31.0000 mm, 14.7000 mm): Pad 1 [GND] of BAT- on B.Cu
[silk_over_copper]: Silkscreen clipped by solder mask
    Local override; warning
    @(26.0000 mm, 13.7000 mm): Reference field of BAT+
    @(26.0000 mm, 14.7000 mm): Pad 1 [VBAT] of BAT+ on B.Cu
[silk_over_copper]: Silkscreen clipped by solder mask
    Local override; warning
    @(31.0000 mm, 13.7000 mm): Reference field of BAT-
    @(31.0000 mm, 14.7000 mm): Pad 1 [GND] of BAT- on B.Cu
[silk_over_copper]: Silkscreen clipped by solder mask
    Local override; warning
    @(4.0000 mm, 2.0000 mm): Rectangle on B.Silkscreen
    @(26.0000 mm, 14.7000 mm): Pad 1 [VBAT] of BAT+ on B.Cu
[silk_over_copper]: Silkscreen clipped by solder mask
    Local override; warning
    @(4.0000 mm, 2.0000 mm): Rectangle on B.Silkscreen
    @(31.0000 mm, 14.7000 mm): Pad 1 [GND] of BAT- on B.Cu
[nonmirrored_text_on_back_layer]: Non-Mirrored text on back layer
    Local override; warning
    @(22.0000 mm, 14.7000 mm): PCB text '401230 LiPo (PROTECTED) bottom adhesive - clear of ANT keepout & min overlap under camera' on B.Silkscreen
[nonmirrored_text_on_back_layer]: Non-Mirrored text on back layer
    Local override; warning
    @(20.0000 mm, -0.1000 mm): Reference field of TP5
[nonmirrored_text_on_back_layer]: Non-Mirrored text on back layer
    Local override; warning
    @(9.0000 mm, -0.1000 mm): Reference field of TP2
[nonmirrored_text_on_back_layer]: Non-Mirrored text on back layer
    Local override; warning
    @(5.0000 mm, -0.1000 mm): Reference field of TP1
[nonmirrored_text_on_back_layer]: Non-Mirrored text on back layer
    Local override; warning
    @(26.6000 mm, -0.1000 mm): Reference field of TP7
[nonmirrored_text_on_back_layer]: Non-Mirrored text on back layer
    Local override; warning
    @(26.0000 mm, 13.7000 mm): Reference field of BAT+
[nonmirrored_text_on_back_layer]: Non-Mirrored text on back layer
    Local override; warning
    @(31.0000 mm, 13.7000 mm): Reference field of BAT-
[nonmirrored_text_on_back_layer]: Non-Mirrored text on back layer
    Local override; warning
    @(13.0000 mm, -0.1000 mm): Reference field of TP3
[nonmirrored_text_on_back_layer]: Non-Mirrored text on back layer
    Local override; warning
    @(29.9000 mm, -0.1000 mm): Reference field of TP8
[nonmirrored_text_on_back_layer]: Non-Mirrored text on back layer
    Local override; warning
    @(33.2000 mm, -0.1000 mm): Reference field of TP9
[nonmirrored_text_on_back_layer]: Non-Mirrored text on back layer
    Local override; warning
    @(23.3000 mm, -0.1000 mm): Reference field of TP6
[nonmirrored_text_on_back_layer]: Non-Mirrored text on back layer
    Local override; warning
    @(17.0000 mm, -0.1000 mm): Reference field of TP4

** Found 0 unconnected pads **

** Found 0 Footprint errors **

** Ignored checks **
    - Footprint has no courtyard defined
    - Track endpoint not centered on via
    - Tuning profile track geometries
    - Footprint doesn't match symbol's footprint filters
    - Footprint component type doesn't match footprint pads

** End of Report **
